Using pre-set license
Built from '2021.2/staging' branch; Version is '2021.2.7f1 (6bd9e232123f) revision 7068130'; Using compiler version '192829333'; Build Type 'Release'
OS: 'Windows 10  (10.0.19042) 64bit Professional' Language: 'en' Physical Memory: 32685 MB
BatchMode: 1, IsHumanControllingUs: 0, StartBugReporterOnCrash: 0, Is64bit: 1, IsPro: 0

COMMAND LINE ARGUMENTS:
C:\Program Files\Unity\Hub\Editor\2021.2.7f1\Editor\Unity.exe
-adb2
-batchMode
-noUpm
-name
AssetImportWorker1
-projectPath
C:/Users/Ashley/Desktop/NYU/Week12
-logFile
Logs/AssetImportWorker1.log
-srvPort
59018
Successfully changed project path to: C:/Users/Ashley/Desktop/NYU/Week12
C:/Users/Ashley/Desktop/NYU/Week12
[UnityMemory] Configuration Parameters - Can be set up in boot.config
    "memorysetup-bucket-allocator-granularity=16"
    "memorysetup-bucket-allocator-bucket-count=8"
    "memorysetup-bucket-allocator-block-size=33554432"
    "memorysetup-bucket-allocator-block-count=8"
    "memorysetup-main-allocator-block-size=16777216"
    "memorysetup-thread-allocator-block-size=16777216"
    "memorysetup-gfx-main-allocator-block-size=16777216"
    "memorysetup-gfx-thread-allocator-block-size=16777216"
    "memorysetup-cache-allocator-block-size=4194304"
    "memorysetup-typetree-allocator-block-size=2097152"
    "memorysetup-profiler-bucket-allocator-granularity=16"
    "memorysetup-profiler-bucket-allocator-bucket-count=8"
    "memorysetup-profiler-bucket-allocator-block-size=33554432"
    "memorysetup-profiler-bucket-allocator-block-count=8"
    "memorysetup-profiler-allocator-block-size=16777216"
    "memorysetup-profiler-editor-allocator-block-size=1048576"
    "memorysetup-temp-allocator-size-main=16777216"
    "memorysetup-job-temp-allocator-block-size=2097152"
    "memorysetup-job-temp-allocator-block-size-background=1048576"
    "memorysetup-job-temp-allocator-reduction-small-platforms=262144"
    "memorysetup-temp-allocator-size-background-worker=32768"
    "memorysetup-temp-allocator-size-job-worker=262144"
    "memorysetup-temp-allocator-size-preload-manager=33554432"
    "memorysetup-temp-allocator-size-nav-mesh-worker=65536"
    "memorysetup-temp-allocator-size-audio-worker=65536"
    "memorysetup-temp-allocator-size-cloud-worker=32768"
    "memorysetup-temp-allocator-size-gi-baking-worker=262144"
    "memorysetup-temp-allocator-size-gfx=262144"
Refreshing native plugins compatible for Editor in 57.33 ms, found 10 plugins.
Preloading 1 native plugins for Editor in 0.68 ms.
Initialize engine version: 2021.2.7f1 (6bd9e232123f)
[Subsystems] Discovering subsystems at path C:/Program Files/Unity/Hub/Editor/2021.2.7f1/Editor/Data/Resources/UnitySubsystems
[Subsystems] Discovering subsystems at path C:/Users/Ashley/Desktop/NYU/Week12/Assets
GfxDevice: creating device client; threaded=0; jobified=0
Direct3D:
    Version:  Direct3D 11.0 [level 11.1]
    Renderer: NVIDIA GeForce GTX 1660 SUPER (ID=0x21c4)
    Vendor:   NVIDIA
    VRAM:     5991 MB
    Driver:   30.0.14.9729
Initialize mono
Mono path[0] = 'C:/Program Files/Unity/Hub/Editor/2021.2.7f1/Editor/Data/Managed'
Mono path[1] = 'C:/Program Files/Unity/Hub/Editor/2021.2.7f1/Editor/Data/MonoBleedingEdge/lib/mono/unityjit-win32'
Mono config path = 'C:/Program Files/Unity/Hub/Editor/2021.2.7f1/Editor/Data/MonoBleedingEdge/etc'
Using monoOptions --debugger-agent=transport=dt_socket,embedding=1,server=y,suspend=n,address=127.0.0.1:56296
Begin MonoManager ReloadAssembly
Registering precompiled unity dll's ...
Register platform support module: C:/Program Files/Unity/Hub/Editor/2021.2.7f1/Editor/Data/PlaybackEngines/WindowsStandaloneSupport/UnityEditor.WindowsStandalone.Extensions.dll
Registered in 0.007487 seconds.
Native extension for WindowsStandalone target not found
Refreshing native plugins compatible for Editor in 44.17 ms, found 10 plugins.
Preloading 1 native plugins for Editor in 0.06 ms.
Mono: successfully reloaded assembly
- Completed reload, in  0.589 seconds
Domain Reload Profiling:
	ReloadAssembly (590ms)
		BeginReloadAssembly (69ms)
			ExecutionOrderSort (0ms)
			DisableScriptedObjects (0ms)
			BackupInstance (0ms)
			ReleaseScriptingObjects (0ms)
			CreateAndSetChildDomain (1ms)
		EndReloadAssembly (426ms)
			LoadAssemblies (67ms)
			RebuildTransferFunctionScriptingTraits (0ms)
			SetupTypeCache (98ms)
			ReleaseScriptCaches (0ms)
			RebuildScriptCaches (25ms)
			SetupLoadedEditorAssemblies (251ms)
				LogAssemblyErrors (0ms)
				InitializePlatformSupportModulesInManaged (19ms)
				SetLoadedEditorAssemblies (0ms)
				RefreshPlugins (44ms)
				BeforeProcessingInitializeOnLoad (1ms)
				ProcessInitializeOnLoadAttributes (144ms)
				ProcessInitializeOnLoadMethodAttributes (43ms)
				AfterProcessingInitializeOnLoad (0ms)
				EditorAssembliesLoaded (0ms)
			ExecutionOrderSort2 (0ms)
			AwakeInstancesAfterBackupRestoration (0ms)
Platform modules already initialized, skipping
Registering precompiled user dll's ...
Registered in 0.008279 seconds.
Begin MonoManager ReloadAssembly
Native extension for WindowsStandalone target not found
Refreshing native plugins compatible for Editor in 45.27 ms, found 10 plugins.
Preloading 1 native plugins for Editor in 0.07 ms.
Package Manager log level set to [2]
System.Reflection.TargetInvocationException: Exception has been thrown by the target of an invocation. ---> System.NullReferenceException: Object reference not set to an instance of an object
  at Unity.XR.Oculus.OculusLoader.AssetPathToAbsolutePath (System.String assetPath) [0x0003d] in C:\Users\Ashley\Desktop\NYU\Week12\Library\PackageCache\com.unity.xr.oculus@3.0.0-pre.1\Runtime\OculusLoader.cs:255 
  at Unity.XR.Oculus.OculusLoader.EditorLoadOVRPlugin () [0x0007b] in C:\Users\Ashley\Desktop\NYU\Week12\Library\PackageCache\com.unity.xr.oculus@3.0.0-pre.1\Runtime\OculusLoader.cs:240 
  at (wrapper managed-to-native) System.Reflection.RuntimeMethodInfo.InternalInvoke(System.Reflection.RuntimeMethodInfo,object,object[],System.Exception&)
  at System.Reflection.RuntimeMethodInfo.Invoke (System.Object obj, System.Reflection.BindingFlags invokeAttr, System.Reflection.Binder binder, System.Object[] parameters, System.Globalization.CultureInfo culture) [0x0006a] in <31c0f51ac5a24a22ba784db24f4ba023>:0 
   --- End of inner exception stack trace ---
  at System.Reflection.RuntimeMethodInfo.Invoke (System.Object obj, System.Reflection.BindingFlags invokeAttr, System.Reflection.Binder binder, System.Object[] parameters, System.Globalization.CultureInfo culture) [0x00083] in <31c0f51ac5a24a22ba784db24f4ba023>:0 
  at System.Reflection.MethodBase.Invoke (System.Object obj, System.Object[] parameters) [0x00000] in <31c0f51ac5a24a22ba784db24f4ba023>:0 
  at UnityEditor.EditorAssemblies.ProcessInitializeOnLoadMethodAttributes () [0x000a5] in <0cde216a590a4d6fbc3d7db7ac203c5d>:0 
UnityEngine.StackTraceUtility:ExtractStackTrace ()
UnityEngine.DebugLogHandler:LogFormat (UnityEngine.LogType,UnityEngine.Object,string,object[])
UnityEngine.Logger:Log (UnityEngine.LogType,object)
UnityEngine.Debug:LogError (object)
UnityEditor.EditorAssemblies:ProcessInitializeOnLoadMethodAttributes ()

Mono: successfully reloaded assembly
- Completed reload, in  1.154 seconds
Domain Reload Profiling:
	ReloadAssembly (1154ms)
		BeginReloadAssembly (100ms)
			ExecutionOrderSort (0ms)
			DisableScriptedObjects (5ms)
			BackupInstance (0ms)
			ReleaseScriptingObjects (0ms)
			CreateAndSetChildDomain (16ms)
		EndReloadAssembly (956ms)
			LoadAssemblies (69ms)
			RebuildTransferFunctionScriptingTraits (0ms)
			SetupTypeCache (203ms)
			ReleaseScriptCaches (0ms)
			RebuildScriptCaches (49ms)
			SetupLoadedEditorAssemblies (589ms)
				LogAssemblyErrors (0ms)
				InitializePlatformSupportModulesInManaged (11ms)
				SetLoadedEditorAssemblies (0ms)
				RefreshPlugins (45ms)
				BeforeProcessingInitializeOnLoad (75ms)
				ProcessInitializeOnLoadAttributes (416ms)
				ProcessInitializeOnLoadMethodAttributes (31ms)
				AfterProcessingInitializeOnLoad (9ms)
				EditorAssembliesLoaded (0ms)
			ExecutionOrderSort2 (0ms)
			AwakeInstancesAfterBackupRestoration (5ms)
Platform modules already initialized, skipping
========================================================================
Worker process is ready to serve import requests
Launched and connected shader compiler UnityShaderCompiler.exe after 0.06 seconds
Refreshing native plugins compatible for Editor in 0.63 ms, found 10 plugins.
Preloading 1 native plugins for Editor in 0.07 ms.
Unloading 2786 Unused Serialized files (Serialized files now loaded: 0)
Unloading 137 unused Assets / (123.9 KB). Loaded Objects now: 3229.
Memory consumption went from 117.3 MB to 117.2 MB.
Total: 3.260700 ms (FindLiveObjects: 0.241800 ms CreateObjectMapping: 0.221400 ms MarkObjects: 2.623700 ms  DeleteObjects: 0.173200 ms)

AssetImportParameters requested are different than current active one (requested -> active):
  custom:video-decoder-ogg-theora: a1e56fd34408186e4bbccfd4996cb3dc -> 
  custom:container-muxer-webm: aa71ff27fc2769a1b78a27578f13a17b -> 
  custom:container-demuxer-webm: 4f35f7cbe854078d1ac9338744f61a02 -> 
  custom:video-encoder-webm-vp8: eb34c28f22e8b96e1ab97ce403110664 -> 
  custom:audio-encoder-webm-vorbis: bf7c407c2cedff20999df2af8eb42d56 -> 
  custom:framework-win-MediaFoundation: 216162199b28c13a410421893ffa2e32 -> 
  custom:container-demuxer-ogg: 62fdf1f143b41e24485cea50d1cbac27 -> 
  custom:video-decoder-webm-vp8: 9c59270c3fd7afecdb556c50c9e8de78 -> 
  custom:audio-decoder-ogg-vorbis: bf7c407c2cedff20999df2af8eb42d56 -> 
========================================================================
Received Import Request.
  Time since last request: 150128.718198 seconds.
  path: Assets/AssetStoreOriginals/_SNAPS_PrototypingAssets/SciFi_Industrial/Materials/Orange_snaps002.mat
  artifactKey: Guid(1d2cbf17d90a3884f8f0c10cd230f809) Importer(815301076,1909f56bfc062723c751e8b465ee728b)
Start importing Assets/AssetStoreOriginals/_SNAPS_PrototypingAssets/SciFi_Industrial/Materials/Orange_snaps002.mat using Guid(1d2cbf17d90a3884f8f0c10cd230f809) Importer(815301076,1909f56bfc062723c751e8b465ee728b)  -> (artifact id: '37b5346a5f6018b5f7619a00b28e74ff') in 0.113785 seconds 
========================================================================
Received Import Request.
  Time since last request: 0.000018 seconds.
  path: Assets/AssetStoreOriginals/_SNAPS_PrototypingAssets/SciFi_Industrial/Prefabs/Decor/WClamp_03_snaps002.prefab
  artifactKey: Guid(2720f7020a384934482be714bb621466) Importer(815301076,1909f56bfc062723c751e8b465ee728b)
Start importing Assets/AssetStoreOriginals/_SNAPS_PrototypingAssets/SciFi_Industrial/Prefabs/Decor/WClamp_03_snaps002.prefab using Guid(2720f7020a384934482be714bb621466) Importer(815301076,1909f56bfc062723c751e8b465ee728b)  -> (artifact id: '9f1f3c7b3ca44cfb4df158eb040d0329') in 0.029930 seconds 
========================================================================
Received Import Request.
  Time since last request: 0.000028 seconds.
  path: Assets/AssetStoreOriginals/_SNAPS_PrototypingAssets/SciFi_Industrial/Prefabs/Decor/SectionSeal_01_snaps002.prefab
  artifactKey: Guid(493857c1d7678b642bc712689b449ca6) Importer(815301076,1909f56bfc062723c751e8b465ee728b)
Start importing Assets/AssetStoreOriginals/_SNAPS_PrototypingAssets/SciFi_Industrial/Prefabs/Decor/SectionSeal_01_snaps002.prefab using Guid(493857c1d7678b642bc712689b449ca6) Importer(815301076,1909f56bfc062723c751e8b465ee728b)  -> (artifact id: '75d925c2cef328aae53eb2666db7a65b') in 0.025484 seconds 
========================================================================
Received Import Request.
  Time since last request: 0.000014 seconds.
  path: Assets/AssetStoreOriginals/_SNAPS_PrototypingAssets/SciFi_Industrial/Prefabs/Decor/GrillEnd_snaps002.prefab
  artifactKey: Guid(c5e3aac738f6042419f4a2a40a92ace4) Importer(815301076,1909f56bfc062723c751e8b465ee728b)
Start importing Assets/AssetStoreOriginals/_SNAPS_PrototypingAssets/SciFi_Industrial/Prefabs/Decor/GrillEnd_snaps002.prefab using Guid(c5e3aac738f6042419f4a2a40a92ace4) Importer(815301076,1909f56bfc062723c751e8b465ee728b)  -> (artifact id: 'd568969d694576354c9a6eb6e8651103') in 0.025675 seconds 
========================================================================
Received Import Request.
  Time since last request: 0.000014 seconds.
  path: Assets/AssetStoreOriginals/_SNAPS_PrototypingAssets/SciFi_Industrial/Materials/Green_snaps002.mat
  artifactKey: Guid(e9344e17b514ca145b2770f992f1d995) Importer(815301076,1909f56bfc062723c751e8b465ee728b)
Start importing Assets/AssetStoreOriginals/_SNAPS_PrototypingAssets/SciFi_Industrial/Materials/Green_snaps002.mat using Guid(e9344e17b514ca145b2770f992f1d995) Importer(815301076,1909f56bfc062723c751e8b465ee728b)  -> (artifact id: '660391952ecf4b29f7f6d46586f97380') in 0.017015 seconds 
========================================================================
Received Import Request.
  Time since last request: 0.000012 seconds.
  path: Assets/AssetStoreOriginals/_SNAPS_PrototypingAssets/SciFi_Industrial/Prefabs/Decor/Vent_01_snaps002.prefab
  artifactKey: Guid(9ac40cb0b3cb9654f88812ce1de07e63) Importer(815301076,1909f56bfc062723c751e8b465ee728b)
Start importing Assets/AssetStoreOriginals/_SNAPS_PrototypingAssets/SciFi_Industrial/Prefabs/Decor/Vent_01_snaps002.prefab using Guid(9ac40cb0b3cb9654f88812ce1de07e63) Importer(815301076,1909f56bfc062723c751e8b465ee728b)  -> (artifact id: '383c3cfd915b35d2dc323fbc5af45be3') in 0.024556 seconds 
========================================================================
Received Import Request.
  Time since last request: 0.000016 seconds.
  path: Assets/AssetStoreOriginals/_SNAPS_PrototypingAssets/SciFi_Industrial/Materials/LightBlue_snaps002.mat
  artifactKey: Guid(4b600b0043b600a42a640a24ab4dea01) Importer(815301076,1909f56bfc062723c751e8b465ee728b)
Start importing Assets/AssetStoreOriginals/_SNAPS_PrototypingAssets/SciFi_Industrial/Materials/LightBlue_snaps002.mat using Guid(4b600b0043b600a42a640a24ab4dea01) Importer(815301076,1909f56bfc062723c751e8b465ee728b)  -> (artifact id: 'a6da511a2c22b1e76e81cd6b3bce38db') in 0.015887 seconds 
========================================================================
Received Import Request.
  Time since last request: 0.000012 seconds.
  path: Assets/AssetStoreOriginals/_SNAPS_PrototypingAssets/SciFi_Industrial/Materials/Red_snaps002.mat
  artifactKey: Guid(015a5e2de7cf2514eb887cb8b34877d8) Importer(815301076,1909f56bfc062723c751e8b465ee728b)
Start importing Assets/AssetStoreOriginals/_SNAPS_PrototypingAssets/SciFi_Industrial/Materials/Red_snaps002.mat using Guid(015a5e2de7cf2514eb887cb8b34877d8) Importer(815301076,1909f56bfc062723c751e8b465ee728b)  -> (artifact id: 'adea23c4b2ba6fd5da2430dae02173eb') in 0.018087 seconds 
========================================================================
Received Import Request.
  Time since last request: 0.000017 seconds.
  path: Assets/AssetStoreOriginals/_SNAPS_PrototypingAssets/SciFi_Industrial/Prefabs/Decor/Conduit_M_01_snaps002.prefab
  artifactKey: Guid(defc1954bd6bc1347aa94a45192f58db) Importer(815301076,1909f56bfc062723c751e8b465ee728b)
Start importing Assets/AssetStoreOriginals/_SNAPS_PrototypingAssets/SciFi_Industrial/Prefabs/Decor/Conduit_M_01_snaps002.prefab using Guid(defc1954bd6bc1347aa94a45192f58db) Importer(815301076,1909f56bfc062723c751e8b465ee728b)  -> (artifact id: '29b4e7058e5d3d41ce50da97436938a9') in 0.039659 seconds 
========================================================================
Received Import Request.
  Time since last request: 0.000016 seconds.
  path: Assets/AssetStoreOriginals/_SNAPS_PrototypingAssets/SciFi_Industrial/Materials/GreenBlack_snaps002.mat
  artifactKey: Guid(38f55b85103d762478d8298d58d90704) Importer(815301076,1909f56bfc062723c751e8b465ee728b)
Start importing Assets/AssetStoreOriginals/_SNAPS_PrototypingAssets/SciFi_Industrial/Materials/GreenBlack_snaps002.mat using Guid(38f55b85103d762478d8298d58d90704) Importer(815301076,1909f56bfc062723c751e8b465ee728b)  -> (artifact id: '31116185a63c9f467c269fbf0f545555') in 0.014665 seconds 
========================================================================
Received Import Request.
  Time since last request: 0.000021 seconds.
  path: Assets/AssetStoreOriginals/_SNAPS_PrototypingAssets/SciFi_Industrial/Prefabs/Decor/Crossbar_02_snaps002.prefab
  artifactKey: Guid(7231588b9603215498bbcc3333b73fd4) Importer(815301076,1909f56bfc062723c751e8b465ee728b)
Start importing Assets/AssetStoreOriginals/_SNAPS_PrototypingAssets/SciFi_Industrial/Prefabs/Decor/Crossbar_02_snaps002.prefab using Guid(7231588b9603215498bbcc3333b73fd4) Importer(815301076,1909f56bfc062723c751e8b465ee728b)  -> (artifact id: '47c722831c88315392ddff4cfdd3961e') in 0.017996 seconds 
========================================================================
Received Import Request.
  Time since last request: 0.000022 seconds.
  path: Assets/AssetStoreOriginals/_SNAPS_PrototypingAssets/SciFi_Industrial/Prefabs/Decor/Frame_01_BevelThick_snaps002.prefab
  artifactKey: Guid(1a3dc7a3ef9720c43b42e150e1564266) Importer(815301076,1909f56bfc062723c751e8b465ee728b)
Start importing Assets/AssetStoreOriginals/_SNAPS_PrototypingAssets/SciFi_Industrial/Prefabs/Decor/Frame_01_BevelThick_snaps002.prefab using Guid(1a3dc7a3ef9720c43b42e150e1564266) Importer(815301076,1909f56bfc062723c751e8b465ee728b)  -> (artifact id: '871761644304853de79d33138867ac45') in 0.016774 seconds 
========================================================================
Received Import Request.
  Time since last request: 0.000018 seconds.
  path: Assets/AssetStoreOriginals/_SNAPS_PrototypingAssets/SciFi_Industrial/Prefabs/Decor/PistonClamp_01_snaps002.prefab
  artifactKey: Guid(13f1546a2ac91fd42a68ff9b0b09e2c1) Importer(815301076,1909f56bfc062723c751e8b465ee728b)
Start importing Assets/AssetStoreOriginals/_SNAPS_PrototypingAssets/SciFi_Industrial/Prefabs/Decor/PistonClamp_01_snaps002.prefab using Guid(13f1546a2ac91fd42a68ff9b0b09e2c1) Importer(815301076,1909f56bfc062723c751e8b465ee728b)  -> (artifact id: '71cc82def4e6c78797fed5afd607b631') in 0.018688 seconds 
========================================================================
Received Import Request.
  Time since last request: 0.000016 seconds.
  path: Assets/AssetStoreOriginals/_SNAPS_PrototypingAssets/SciFi_Industrial/Prefabs/Decor/Vent_02_snaps002.prefab
  artifactKey: Guid(6d007ad5ada6c03408e15b31bd8d43e3) Importer(815301076,1909f56bfc062723c751e8b465ee728b)
Start importing Assets/AssetStoreOriginals/_SNAPS_PrototypingAssets/SciFi_Industrial/Prefabs/Decor/Vent_02_snaps002.prefab using Guid(6d007ad5ada6c03408e15b31bd8d43e3) Importer(815301076,1909f56bfc062723c751e8b465ee728b)  -> (artifact id: 'c3504a0c7a91b749f4786a8345912c9a') in 0.017510 seconds 
========================================================================
Received Import Request.
  Time since last request: 0.000023 seconds.
  path: Assets/AssetStoreOriginals/_SNAPS_PrototypingAssets/SciFi_Industrial/Prefabs/Decor/FrameBox_snaps002.prefab
  artifactKey: Guid(d780078da71ef864ea6d55117fdce058) Importer(815301076,1909f56bfc062723c751e8b465ee728b)
Start importing Assets/AssetStoreOriginals/_SNAPS_PrototypingAssets/SciFi_Industrial/Prefabs/Decor/FrameBox_snaps002.prefab using Guid(d780078da71ef864ea6d55117fdce058) Importer(815301076,1909f56bfc062723c751e8b465ee728b)  -> (artifact id: 'fd5bbaecf495352fa887d0c0bb08edd3') in 0.016223 seconds 
========================================================================
Received Import Request.
  Time since last request: 0.000015 seconds.
  path: Assets/AssetStoreOriginals/_SNAPS_PrototypingAssets/SciFi_Industrial/Prefabs/Decor/WClamp_01_snaps002.prefab
  artifactKey: Guid(3682bdd09cd6a6241aa4f9edfff214e8) Importer(815301076,1909f56bfc062723c751e8b465ee728b)
Start importing Assets/AssetStoreOriginals/_SNAPS_PrototypingAssets/SciFi_Industrial/Prefabs/Decor/WClamp_01_snaps002.prefab using Guid(3682bdd09cd6a6241aa4f9edfff214e8) Importer(815301076,1909f56bfc062723c751e8b465ee728b)  -> (artifact id: '65429b2152dca7912e1c74985a098e9f') in 0.016746 seconds 
========================================================================
Received Import Request.
  Time since last request: 0.000014 seconds.
  path: Assets/AssetStoreOriginals/_SNAPS_PrototypingAssets/SciFi_Industrial/Materials/Khaki Damp.mat
  artifactKey: Guid(4afc0ffccab963644a4b0b22117f129e) Importer(815301076,1909f56bfc062723c751e8b465ee728b)
Start importing Assets/AssetStoreOriginals/_SNAPS_PrototypingAssets/SciFi_Industrial/Materials/Khaki Damp.mat using Guid(4afc0ffccab963644a4b0b22117f129e) Importer(815301076,1909f56bfc062723c751e8b465ee728b)  -> (artifact id: 'a0bee59bfc60c3710994e4b6f72ba9f5') in 0.015437 seconds 
========================================================================
Received Import Request.
  Time since last request: 0.000016 seconds.
  path: Assets/AssetStoreOriginals/_SNAPS_PrototypingAssets/SciFi_Industrial/Materials/Machine Green_snaps002.mat
  artifactKey: Guid(86c38cc17be868947801ac9b80453963) Importer(815301076,1909f56bfc062723c751e8b465ee728b)
Start importing Assets/AssetStoreOriginals/_SNAPS_PrototypingAssets/SciFi_Industrial/Materials/Machine Green_snaps002.mat using Guid(86c38cc17be868947801ac9b80453963) Importer(815301076,1909f56bfc062723c751e8b465ee728b)  -> (artifact id: 'adc090a7132c8326eb67893db50fbc07') in 0.011633 seconds 
========================================================================
Received Import Request.
  Time since last request: 0.000015 seconds.
  path: Assets/AssetStoreOriginals/_SNAPS_PrototypingAssets/SciFi_Industrial/Materials/DeepBlue_snaps002.mat
  artifactKey: Guid(0b92533b0a3d3c04fa7000b22310b7ca) Importer(815301076,1909f56bfc062723c751e8b465ee728b)
Start importing Assets/AssetStoreOriginals/_SNAPS_PrototypingAssets/SciFi_Industrial/Materials/DeepBlue_snaps002.mat using Guid(0b92533b0a3d3c04fa7000b22310b7ca) Importer(815301076,1909f56bfc062723c751e8b465ee728b)  -> (artifact id: '86a40cf4d80afdd5d7665d37fc423e5c') in 0.015385 seconds 
========================================================================
Received Import Request.
  Time since last request: 0.000015 seconds.
  path: Assets/AssetStoreOriginals/_SNAPS_PrototypingAssets/SciFi_Industrial/Prefabs/Decor/SectionSeal_02_snaps002.prefab
  artifactKey: Guid(f662bb257bdbe4b4098d75c944baa81f) Importer(815301076,1909f56bfc062723c751e8b465ee728b)
Start importing Assets/AssetStoreOriginals/_SNAPS_PrototypingAssets/SciFi_Industrial/Prefabs/Decor/SectionSeal_02_snaps002.prefab using Guid(f662bb257bdbe4b4098d75c944baa81f) Importer(815301076,1909f56bfc062723c751e8b465ee728b)  -> (artifact id: '951daf9f154fc8c9fbd004430efba9b1') in 0.018081 seconds 
========================================================================
Received Import Request.
  Time since last request: 0.000017 seconds.
  path: Assets/AssetStoreOriginals/_SNAPS_PrototypingAssets/SciFi_Industrial/Materials/LightGray_snaps002.mat
  artifactKey: Guid(e9522692f253ab04c990a8e0a40029ff) Importer(815301076,1909f56bfc062723c751e8b465ee728b)
Start importing Assets/AssetStoreOriginals/_SNAPS_PrototypingAssets/SciFi_Industrial/Materials/LightGray_snaps002.mat using Guid(e9522692f253ab04c990a8e0a40029ff) Importer(815301076,1909f56bfc062723c751e8b465ee728b)  -> (artifact id: '63bd8a568eb693bc6fec5b9b27ee4d0e') in 0.015081 seconds 
========================================================================
Received Import Request.
  Time since last request: 0.000023 seconds.
  path: Assets/AssetStoreOriginals/_SNAPS_PrototypingAssets/SciFi_Industrial/Materials/Brown_snaps002.mat
  artifactKey: Guid(b609a3a0d0f709a4193ad047dae28329) Importer(815301076,1909f56bfc062723c751e8b465ee728b)
Start importing Assets/AssetStoreOriginals/_SNAPS_PrototypingAssets/SciFi_Industrial/Materials/Brown_snaps002.mat using Guid(b609a3a0d0f709a4193ad047dae28329) Importer(815301076,1909f56bfc062723c751e8b465ee728b)  -> (artifact id: '762501caeede468ab9b29889699e2150') in 0.015727 seconds 
========================================================================
Received Import Request.
  Time since last request: 0.000024 seconds.
  path: Assets/AssetStoreOriginals/_SNAPS_PrototypingAssets/SciFi_Industrial/Prefabs/Decor/TurbineCover_01_snaps002.prefab
  artifactKey: Guid(b390f1ac5ced8b04380a78248e858c56) Importer(815301076,1909f56bfc062723c751e8b465ee728b)
Start importing Assets/AssetStoreOriginals/_SNAPS_PrototypingAssets/SciFi_Industrial/Prefabs/Decor/TurbineCover_01_snaps002.prefab using Guid(b390f1ac5ced8b04380a78248e858c56) Importer(815301076,1909f56bfc062723c751e8b465ee728b)  -> (artifact id: '74ef4d1a1e9fc3330e71426fdef69e91') in 0.018376 seconds 
========================================================================
Received Import Request.
  Time since last request: 0.000019 seconds.
  path: Assets/AssetStoreOriginals/_SNAPS_PrototypingAssets/SciFi_Industrial/Prefabs/Decor/GrillPlate_snaps002.prefab
  artifactKey: Guid(0309318c4d3de3b4eb23dc02c52d6871) Importer(815301076,1909f56bfc062723c751e8b465ee728b)
Start importing Assets/AssetStoreOriginals/_SNAPS_PrototypingAssets/SciFi_Industrial/Prefabs/Decor/GrillPlate_snaps002.prefab using Guid(0309318c4d3de3b4eb23dc02c52d6871) Importer(815301076,1909f56bfc062723c751e8b465ee728b)  -> (artifact id: 'ef320e9a5eecaab2433b83def68548f7') in 0.015374 seconds 
========================================================================
Received Import Request.
  Time since last request: 284.131155 seconds.
  path: Assets/AssetStoreOriginals/_SNAPS_PrototypingAssets/SciFi_Industrial/Prefabs/NestedPrefabs/Doorway_Balcony_3X1.prefab
  artifactKey: Guid(f0075f9ff8684d2498269202fd7753ee) Importer(815301076,1909f56bfc062723c751e8b465ee728b)
Start importing Assets/AssetStoreOriginals/_SNAPS_PrototypingAssets/SciFi_Industrial/Prefabs/NestedPrefabs/Doorway_Balcony_3X1.prefab using Guid(f0075f9ff8684d2498269202fd7753ee) Importer(815301076,1909f56bfc062723c751e8b465ee728b)  -> (artifact id: '1cd23ef06a7846f6b5623952cfbd00a1') in 0.069190 seconds 
========================================================================
Received Import Request.
  Time since last request: 0.000016 seconds.
  path: Assets/AssetStoreOriginals/_SNAPS_PrototypingAssets/SciFi_Industrial/Prefabs/NestedPrefabs/Wall_Balcony_3X1.prefab
  artifactKey: Guid(6162963469b806c479d6799947b9be2b) Importer(815301076,1909f56bfc062723c751e8b465ee728b)
Start importing Assets/AssetStoreOriginals/_SNAPS_PrototypingAssets/SciFi_Industrial/Prefabs/NestedPrefabs/Wall_Balcony_3X1.prefab using Guid(6162963469b806c479d6799947b9be2b) Importer(815301076,1909f56bfc062723c751e8b465ee728b)  -> (artifact id: '4e4835ae310b11bd0991dc1147aa9371') in 0.027322 seconds 
========================================================================
Received Import Request.
  Time since last request: 0.000016 seconds.
  path: Assets/AssetStoreOriginals/_SNAPS_PrototypingAssets/SciFi_Industrial/Prefabs/NestedPrefabs/Stairway_Balcony_3X1.prefab
  artifactKey: Guid(a24a1ab7f3b926a47b003a6260ffd84d) Importer(815301076,1909f56bfc062723c751e8b465ee728b)
Start importing Assets/AssetStoreOriginals/_SNAPS_PrototypingAssets/SciFi_Industrial/Prefabs/NestedPrefabs/Stairway_Balcony_3X1.prefab using Guid(a24a1ab7f3b926a47b003a6260ffd84d) Importer(815301076,1909f56bfc062723c751e8b465ee728b)  -> (artifact id: 'd23d89c2e7ea93271720e8df4d70d0ca') in 0.040337 seconds 
========================================================================
Received Import Request.
  Time since last request: 143.736016 seconds.
  path: Assets/AssetStoreOriginals/_SNAPS_PrototypingAssets/SciFi_Industrial/Prefabs/Structure
  artifactKey: Guid(9a17b63390b2416458c1a71c8f5b7af5) Importer(815301076,1909f56bfc062723c751e8b465ee728b)
Start importing Assets/AssetStoreOriginals/_SNAPS_PrototypingAssets/SciFi_Industrial/Prefabs/Structure using Guid(9a17b63390b2416458c1a71c8f5b7af5) Importer(815301076,1909f56bfc062723c751e8b465ee728b)  -> (artifact id: '8cacaefae982cd52b62ae27387bade40') in 0.004996 seconds 
========================================================================
Received Import Request.
  Time since last request: 3.090293 seconds.
  path: Assets/AssetStoreOriginals/_SNAPS_PrototypingAssets/SciFi_Industrial/Prefabs/Structure/Pillars_Supports
  artifactKey: Guid(ce01eac15f82f6b49a368ea00bbb264b) Importer(815301076,1909f56bfc062723c751e8b465ee728b)
Start importing Assets/AssetStoreOriginals/_SNAPS_PrototypingAssets/SciFi_Industrial/Prefabs/Structure/Pillars_Supports using Guid(ce01eac15f82f6b49a368ea00bbb264b) Importer(815301076,1909f56bfc062723c751e8b465ee728b)  -> (artifact id: '6b5877e129aa13e50c890b5ae4527a95') in 0.004632 seconds 
========================================================================
Received Import Request.
  Time since last request: 0.030560 seconds.
  path: Assets/AssetStoreOriginals/_SNAPS_PrototypingAssets/SciFi_Industrial/Prefabs/Structure/Pillars_Supports/Gale_Pillar_01_snaps002.prefab
  artifactKey: Guid(3ab9a883bb2728d4ea8e56b33bcea8ba) Importer(815301076,1909f56bfc062723c751e8b465ee728b)
Start importing Assets/AssetStoreOriginals/_SNAPS_PrototypingAssets/SciFi_Industrial/Prefabs/Structure/Pillars_Supports/Gale_Pillar_01_snaps002.prefab using Guid(3ab9a883bb2728d4ea8e56b33bcea8ba) Importer(815301076,1909f56bfc062723c751e8b465ee728b)  -> (artifact id: '5bf13ab4c884f12dcfa4df187e672b6c') in 0.019819 seconds 
========================================================================
Received Import Request.
  Time since last request: 0.000023 seconds.
  path: Assets/AssetStoreOriginals/_SNAPS_PrototypingAssets/SciFi_Industrial/Prefabs/Structure/Pillars_Supports/Gale_Wall_Support_01_snaps002.prefab
  artifactKey: Guid(f8f2628ca1432b04b9b3052a2f28c208) Importer(815301076,1909f56bfc062723c751e8b465ee728b)
Start importing Assets/AssetStoreOriginals/_SNAPS_PrototypingAssets/SciFi_Industrial/Prefabs/Structure/Pillars_Supports/Gale_Wall_Support_01_snaps002.prefab using Guid(f8f2628ca1432b04b9b3052a2f28c208) Importer(815301076,1909f56bfc062723c751e8b465ee728b)  -> (artifact id: 'faf54ba4d71dcb28a04a20db90b23c0c') in 0.017382 seconds 
========================================================================
Received Import Request.
  Time since last request: 0.000016 seconds.
  path: Assets/AssetStoreOriginals/_SNAPS_PrototypingAssets/SciFi_Industrial/Prefabs/Structure/Pillars_Supports/Wall_Support_Big_snaps002.prefab
  artifactKey: Guid(e4d5c0d3d9b21f840a3309933254e833) Importer(815301076,1909f56bfc062723c751e8b465ee728b)
Start importing Assets/AssetStoreOriginals/_SNAPS_PrototypingAssets/SciFi_Industrial/Prefabs/Structure/Pillars_Supports/Wall_Support_Big_snaps002.prefab using Guid(e4d5c0d3d9b21f840a3309933254e833) Importer(815301076,1909f56bfc062723c751e8b465ee728b)  -> (artifact id: 'fb48c26b83e14430a8bb725e9d6ec5ce') in 0.014460 seconds 
========================================================================
Received Import Request.
  Time since last request: 0.000014 seconds.
  path: Assets/AssetStoreOriginals/_SNAPS_PrototypingAssets/SciFi_Industrial/Prefabs/Structure/Pillars_Supports/VerticalStrat_01_Connector_snaps002.prefab
  artifactKey: Guid(fc62ef998eb59b346b34d565f38deb3b) Importer(815301076,1909f56bfc062723c751e8b465ee728b)
Start importing Assets/AssetStoreOriginals/_SNAPS_PrototypingAssets/SciFi_Industrial/Prefabs/Structure/Pillars_Supports/VerticalStrat_01_Connector_snaps002.prefab using Guid(fc62ef998eb59b346b34d565f38deb3b) Importer(815301076,1909f56bfc062723c751e8b465ee728b)  -> (artifact id: '8f0d5544479325891e681bec7ed5c029') in 0.011616 seconds 
========================================================================
Received Import Request.
  Time since last request: 0.000019 seconds.
  path: Assets/AssetStoreOriginals/_SNAPS_PrototypingAssets/SciFi_Industrial/Prefabs/Structure/Pillars_Supports/Hale_Pillar_02_snaps002.prefab
  artifactKey: Guid(0f6381faceff7bc46983f6f88a736198) Importer(815301076,1909f56bfc062723c751e8b465ee728b)
Start importing Assets/AssetStoreOriginals/_SNAPS_PrototypingAssets/SciFi_Industrial/Prefabs/Structure/Pillars_Supports/Hale_Pillar_02_snaps002.prefab using Guid(0f6381faceff7bc46983f6f88a736198) Importer(815301076,1909f56bfc062723c751e8b465ee728b)  -> (artifact id: 'd2203f55f13b65b3009c0035a0a626f6') in 0.015097 seconds 
========================================================================
Received Import Request.
  Time since last request: 0.000021 seconds.
  path: Assets/AssetStoreOriginals/_SNAPS_PrototypingAssets/SciFi_Industrial/Prefabs/Structure/Pillars_Supports/VerticalStrat_01_Base_snaps002.prefab
  artifactKey: Guid(d13e48964f4a8db45b4088d8fb10d581) Importer(815301076,1909f56bfc062723c751e8b465ee728b)
Start importing Assets/AssetStoreOriginals/_SNAPS_PrototypingAssets/SciFi_Industrial/Prefabs/Structure/Pillars_Supports/VerticalStrat_01_Base_snaps002.prefab using Guid(d13e48964f4a8db45b4088d8fb10d581) Importer(815301076,1909f56bfc062723c751e8b465ee728b)  -> (artifact id: 'e27229e47c74252f1047361639d88020') in 0.013259 seconds 
========================================================================
Received Import Request.
  Time since last request: 0.000017 seconds.
  path: Assets/AssetStoreOriginals/_SNAPS_PrototypingAssets/SciFi_Industrial/Prefabs/Structure/Pillars_Supports/VerticalStrat_01_snaps002.prefab
  artifactKey: Guid(d4a69086e0bd5e440a2bda14734b225c) Importer(815301076,1909f56bfc062723c751e8b465ee728b)
Start importing Assets/AssetStoreOriginals/_SNAPS_PrototypingAssets/SciFi_Industrial/Prefabs/Structure/Pillars_Supports/VerticalStrat_01_snaps002.prefab using Guid(d4a69086e0bd5e440a2bda14734b225c) Importer(815301076,1909f56bfc062723c751e8b465ee728b)  -> (artifact id: 'e6f86b67a5f93619e712643955664b0c') in 0.015567 seconds 
========================================================================
Received Import Request.
  Time since last request: 0.000022 seconds.
  path: Assets/AssetStoreOriginals/_SNAPS_PrototypingAssets/SciFi_Industrial/Prefabs/Structure/Pillars_Supports/Hale_Wall_Support_01_snaps002.prefab
  artifactKey: Guid(5c25f761d301e2849b03446d5bae1b3f) Importer(815301076,1909f56bfc062723c751e8b465ee728b)
Start importing Assets/AssetStoreOriginals/_SNAPS_PrototypingAssets/SciFi_Industrial/Prefabs/Structure/Pillars_Supports/Hale_Wall_Support_01_snaps002.prefab using Guid(5c25f761d301e2849b03446d5bae1b3f) Importer(815301076,1909f56bfc062723c751e8b465ee728b)  -> (artifact id: '16941286e39d0c5d3695ddbcc2633388') in 0.018721 seconds 
========================================================================
Received Import Request.
  Time since last request: 3861.729418 seconds.
  path: Assets/AssetStoreOriginals/_SNAPS_PrototypingAssets/SciFi_Industrial/Prefabs/Structure/Doors_Windows/Deck_Door_02_snaps002.prefab
  artifactKey: Guid(79298396da72aeb4a9dbe792d38ccf1f) Importer(815301076,1909f56bfc062723c751e8b465ee728b)
Start importing Assets/AssetStoreOriginals/_SNAPS_PrototypingAssets/SciFi_Industrial/Prefabs/Structure/Doors_Windows/Deck_Door_02_snaps002.prefab using Guid(79298396da72aeb4a9dbe792d38ccf1f) Importer(815301076,1909f56bfc062723c751e8b465ee728b)  -> (artifact id: '9b3023a8618c1d31d65dd032f9913144') in 0.026057 seconds 
========================================================================
Received Import Request.
  Time since last request: 0.000017 seconds.
  path: Assets/AssetStoreOriginals/_SNAPS_PrototypingAssets/SciFi_Industrial/Prefabs/Structure/Doors_Windows/Quart_Door_01_snaps002.prefab
  artifactKey: Guid(691269d06a74ab245ae4360e978425bd) Importer(815301076,1909f56bfc062723c751e8b465ee728b)
Start importing Assets/AssetStoreOriginals/_SNAPS_PrototypingAssets/SciFi_Industrial/Prefabs/Structure/Doors_Windows/Quart_Door_01_snaps002.prefab using Guid(691269d06a74ab245ae4360e978425bd) Importer(815301076,1909f56bfc062723c751e8b465ee728b)  -> (artifact id: '7f65d51cb0c16969a79b2caede522eaa') in 0.021416 seconds 
========================================================================
Received Import Request.
  Time since last request: 0.000018 seconds.
  path: Assets/AssetStoreOriginals/_SNAPS_PrototypingAssets/SciFi_Industrial/Prefabs/Structure/Doors_Windows/Gen_Door_01_snaps002.prefab
  artifactKey: Guid(24f3bfb6ffbd4e449a23c62225e14873) Importer(815301076,1909f56bfc062723c751e8b465ee728b)
Start importing Assets/AssetStoreOriginals/_SNAPS_PrototypingAssets/SciFi_Industrial/Prefabs/Structure/Doors_Windows/Gen_Door_01_snaps002.prefab using Guid(24f3bfb6ffbd4e449a23c62225e14873) Importer(815301076,1909f56bfc062723c751e8b465ee728b)  -> (artifact id: 'de600352e69c0a6758b60e15d49643d2') in 0.015666 seconds 
========================================================================
Received Import Request.
  Time since last request: 8.458231 seconds.
  path: Assets/AssetStoreOriginals/_SNAPS_PrototypingAssets/SciFi_Industrial/Prefabs/Structure/Stairs_Ramps/Gen_Ramp_01_snaps002.prefab
  artifactKey: Guid(81279501067723a43bb567f45f07c5a0) Importer(815301076,1909f56bfc062723c751e8b465ee728b)
Start importing Assets/AssetStoreOriginals/_SNAPS_PrototypingAssets/SciFi_Industrial/Prefabs/Structure/Stairs_Ramps/Gen_Ramp_01_snaps002.prefab using Guid(81279501067723a43bb567f45f07c5a0) Importer(815301076,1909f56bfc062723c751e8b465ee728b)  -> (artifact id: 'c82f20d3081ba32a3b1abd31be9edb8c') in 0.028111 seconds 
========================================================================
Received Import Request.
  Time since last request: 0.000018 seconds.
  path: Assets/AssetStoreOriginals/_SNAPS_PrototypingAssets/SciFi_Industrial/Prefabs/Structure/Stairs_Ramps/Quart_Stairs_01_snaps002.prefab
  artifactKey: Guid(dc3d2c5a3d4ce3e44be28b500526dc6e) Importer(815301076,1909f56bfc062723c751e8b465ee728b)
Start importing Assets/AssetStoreOriginals/_SNAPS_PrototypingAssets/SciFi_Industrial/Prefabs/Structure/Stairs_Ramps/Quart_Stairs_01_snaps002.prefab using Guid(dc3d2c5a3d4ce3e44be28b500526dc6e) Importer(815301076,1909f56bfc062723c751e8b465ee728b)  -> (artifact id: '4229ce39d617b014413a093279e3c2e8') in 0.023159 seconds 
========================================================================
Received Import Request.
  Time since last request: 53.306684 seconds.
  path: Assets/AssetStoreOriginals/_SNAPS_PrototypingAssets/SciFi_Industrial/Prefabs/Structure/Floors_Ceilings/Deck_Ceiling_02_snaps002.prefab
  artifactKey: Guid(1a8e35a83ad2f4d449d1255a2310462c) Importer(815301076,1909f56bfc062723c751e8b465ee728b)
Start importing Assets/AssetStoreOriginals/_SNAPS_PrototypingAssets/SciFi_Industrial/Prefabs/Structure/Floors_Ceilings/Deck_Ceiling_02_snaps002.prefab using Guid(1a8e35a83ad2f4d449d1255a2310462c) Importer(815301076,1909f56bfc062723c751e8b465ee728b)  -> (artifact id: '542a7be3d32c2ed2c526f5a498c5f51c') in 0.019550 seconds 
========================================================================
Received Import Request.
  Time since last request: 0.000014 seconds.
  path: Assets/AssetStoreOriginals/_SNAPS_PrototypingAssets/SciFi_Industrial/Prefabs/Structure/Floors_Ceilings/Gen_Ceiling_01_snaps002.prefab
  artifactKey: Guid(2955c9e25b5689241aa77f1655c69b25) Importer(815301076,1909f56bfc062723c751e8b465ee728b)
Start importing Assets/AssetStoreOriginals/_SNAPS_PrototypingAssets/SciFi_Industrial/Prefabs/Structure/Floors_Ceilings/Gen_Ceiling_01_snaps002.prefab using Guid(2955c9e25b5689241aa77f1655c69b25) Importer(815301076,1909f56bfc062723c751e8b465ee728b)  -> (artifact id: '2174449e5f8d267845872544eb31c713') in 0.015666 seconds 
========================================================================
Received Import Request.
  Time since last request: 0.001444 seconds.
  path: Assets/AssetStoreOriginals/_SNAPS_PrototypingAssets/SciFi_Industrial/Prefabs/Structure/Floors_Ceilings/Quart_Ceiling_02_snaps002.prefab
  artifactKey: Guid(47645e6370fb9eb498189c1439e90c3a) Importer(815301076,1909f56bfc062723c751e8b465ee728b)
Start importing Assets/AssetStoreOriginals/_SNAPS_PrototypingAssets/SciFi_Industrial/Prefabs/Structure/Floors_Ceilings/Quart_Ceiling_02_snaps002.prefab using Guid(47645e6370fb9eb498189c1439e90c3a) Importer(815301076,1909f56bfc062723c751e8b465ee728b)  -> (artifact id: 'b62ad9fac112335d907dd5a47da45234') in 0.019022 seconds 
========================================================================
Received Import Request.
  Time since last request: 1052.641359 seconds.
  path: Assets/AssetStoreOriginals/_SNAPS_PrototypingAssets/ModernOffice_Interior/Prefabs/Props/Computer_01_snaps001.prefab
  artifactKey: Guid(5bda03e6c90ba284f859d8e2c3a027fc) Importer(815301076,1909f56bfc062723c751e8b465ee728b)
Start importing Assets/AssetStoreOriginals/_SNAPS_PrototypingAssets/ModernOffice_Interior/Prefabs/Props/Computer_01_snaps001.prefab using Guid(5bda03e6c90ba284f859d8e2c3a027fc) Importer(815301076,1909f56bfc062723c751e8b465ee728b)  -> (artifact id: 'a638cf10699b825503e2f658117bc85b') in 0.021688 seconds 
========================================================================
Received Import Request.
  Time since last request: 0.000020 seconds.
  path: Assets/AssetStoreOriginals/_SNAPS_PrototypingAssets/ModernOffice_Interior/Prefabs/Props/ComputerDesk_02_snaps001.prefab
  artifactKey: Guid(d11695e43d89ff24bb36886a4c039c14) Importer(815301076,1909f56bfc062723c751e8b465ee728b)
Start importing Assets/AssetStoreOriginals/_SNAPS_PrototypingAssets/ModernOffice_Interior/Prefabs/Props/ComputerDesk_02_snaps001.prefab using Guid(d11695e43d89ff24bb36886a4c039c14) Importer(815301076,1909f56bfc062723c751e8b465ee728b)  -> (artifact id: '1cd7e56b940e67e18ab4319382880ee9') in 0.017514 seconds 
========================================================================
Received Import Request.
  Time since last request: 0.000022 seconds.
  path: Assets/AssetStoreOriginals/_SNAPS_PrototypingAssets/ModernOffice_Interior/Prefabs/Props/Laptop_01_snaps001.prefab
  artifactKey: Guid(88cbb557f01af264c8417bbd28ff33c4) Importer(815301076,1909f56bfc062723c751e8b465ee728b)
Start importing Assets/AssetStoreOriginals/_SNAPS_PrototypingAssets/ModernOffice_Interior/Prefabs/Props/Laptop_01_snaps001.prefab using Guid(88cbb557f01af264c8417bbd28ff33c4) Importer(815301076,1909f56bfc062723c751e8b465ee728b)  -> (artifact id: 'f471ba53e7eace4d842ab65c728c3aa9') in 0.017552 seconds 
========================================================================
Received Import Request.
  Time since last request: 0.000013 seconds.
  path: Assets/AssetStoreOriginals/_SNAPS_PrototypingAssets/ModernOffice_Interior/Prefabs/Props/Shelf_01_snaps001.prefab
  artifactKey: Guid(ef0197a78830ab049b08a820ea60c3b5) Importer(815301076,1909f56bfc062723c751e8b465ee728b)
Start importing Assets/AssetStoreOriginals/_SNAPS_PrototypingAssets/ModernOffice_Interior/Prefabs/Props/Shelf_01_snaps001.prefab using Guid(ef0197a78830ab049b08a820ea60c3b5) Importer(815301076,1909f56bfc062723c751e8b465ee728b)  -> (artifact id: 'f60821d86781e50817bae9a36bb21182') in 0.014824 seconds 
========================================================================
Received Import Request.
  Time since last request: 0.000017 seconds.
  path: Assets/AssetStoreOriginals/_SNAPS_PrototypingAssets/ModernOffice_Interior/Prefabs/Props/Shelf_04_snaps001.prefab
  artifactKey: Guid(9207d796a4eef5c4fb42153a24ebf588) Importer(815301076,1909f56bfc062723c751e8b465ee728b)
Start importing Assets/AssetStoreOriginals/_SNAPS_PrototypingAssets/ModernOffice_Interior/Prefabs/Props/Shelf_04_snaps001.prefab using Guid(9207d796a4eef5c4fb42153a24ebf588) Importer(815301076,1909f56bfc062723c751e8b465ee728b)  -> (artifact id: '6639089da4c2bf16b56f93437a6ef609') in 0.031707 seconds 
========================================================================
Received Import Request.
  Time since last request: 0.000015 seconds.
  path: Assets/AssetStoreOriginals/_SNAPS_PrototypingAssets/ModernOffice_Interior/Prefabs/Props/StairCase_01_snaps001.prefab
  artifactKey: Guid(36d22ed5102e16246b559668ee32f0f9) Importer(815301076,1909f56bfc062723c751e8b465ee728b)
Start importing Assets/AssetStoreOriginals/_SNAPS_PrototypingAssets/ModernOffice_Interior/Prefabs/Props/StairCase_01_snaps001.prefab using Guid(36d22ed5102e16246b559668ee32f0f9) Importer(815301076,1909f56bfc062723c751e8b465ee728b)  -> (artifact id: '4912028db6a9a6c199871314b0344154') in 0.022502 seconds 
========================================================================
Received Import Request.
  Time since last request: 0.000016 seconds.
  path: Assets/AssetStoreOriginals/_SNAPS_PrototypingAssets/ModernOffice_Interior/Prefabs/Props/Keyboard_01_snaps001.prefab
  artifactKey: Guid(1ae56147953582b4280b244e7064132d) Importer(815301076,1909f56bfc062723c751e8b465ee728b)
Start importing Assets/AssetStoreOriginals/_SNAPS_PrototypingAssets/ModernOffice_Interior/Prefabs/Props/Keyboard_01_snaps001.prefab using Guid(1ae56147953582b4280b244e7064132d) Importer(815301076,1909f56bfc062723c751e8b465ee728b)  -> (artifact id: '4b66984bb4a437c73df78f795b55416b') in 0.015837 seconds 
========================================================================
Received Import Request.
  Time since last request: 0.000015 seconds.
  path: Assets/AssetStoreOriginals/_SNAPS_PrototypingAssets/ModernOffice_Interior/Prefabs/Props/ComputerDesk_01_snaps001.prefab
  artifactKey: Guid(1311ead9e03725440bcd145a4ddd5518) Importer(815301076,1909f56bfc062723c751e8b465ee728b)
Start importing Assets/AssetStoreOriginals/_SNAPS_PrototypingAssets/ModernOffice_Interior/Prefabs/Props/ComputerDesk_01_snaps001.prefab using Guid(1311ead9e03725440bcd145a4ddd5518) Importer(815301076,1909f56bfc062723c751e8b465ee728b)  -> (artifact id: '926a09838b2f8599b9fee6ac88292fce') in 0.017267 seconds 
========================================================================
Received Import Request.
  Time since last request: 0.000015 seconds.
  path: Assets/AssetStoreOriginals/_SNAPS_PrototypingAssets/ModernOffice_Interior/Prefabs/Props/Shelf_03_snaps001.prefab
  artifactKey: Guid(b0b25d39ee8d29546bcaaeb1b217bdaa) Importer(815301076,1909f56bfc062723c751e8b465ee728b)
Start importing Assets/AssetStoreOriginals/_SNAPS_PrototypingAssets/ModernOffice_Interior/Prefabs/Props/Shelf_03_snaps001.prefab using Guid(b0b25d39ee8d29546bcaaeb1b217bdaa) Importer(815301076,1909f56bfc062723c751e8b465ee728b)  -> (artifact id: 'b77e77e03041dc9d8d7a8d5d62134ff3') in 0.017732 seconds 
========================================================================
Received Import Request.
  Time since last request: 0.000020 seconds.
  path: Assets/AssetStoreOriginals/_SNAPS_PrototypingAssets/ModernOffice_Interior/Prefabs/Props/PaperTray_02_snaps001.prefab
  artifactKey: Guid(106e0f600ce0361469ff2428db6b7abc) Importer(815301076,1909f56bfc062723c751e8b465ee728b)
Start importing Assets/AssetStoreOriginals/_SNAPS_PrototypingAssets/ModernOffice_Interior/Prefabs/Props/PaperTray_02_snaps001.prefab using Guid(106e0f600ce0361469ff2428db6b7abc) Importer(815301076,1909f56bfc062723c751e8b465ee728b)  -> (artifact id: '523e1aeeb2df4d88e455315cc9f4e621') in 0.015161 seconds 
========================================================================
Received Import Request.
  Time since last request: 0.000020 seconds.
  path: Assets/AssetStoreOriginals/_SNAPS_PrototypingAssets/ModernOffice_Interior/Prefabs/Props/PotPlant_01_snaps001.prefab
  artifactKey: Guid(7e4d0f164b07d6045919c269526fcd64) Importer(815301076,1909f56bfc062723c751e8b465ee728b)
Start importing Assets/AssetStoreOriginals/_SNAPS_PrototypingAssets/ModernOffice_Interior/Prefabs/Props/PotPlant_01_snaps001.prefab using Guid(7e4d0f164b07d6045919c269526fcd64) Importer(815301076,1909f56bfc062723c751e8b465ee728b)  -> (artifact id: '7224ee46af70bb55bc7a9ffd168b46a7') in 0.018271 seconds 
========================================================================
Received Import Request.
  Time since last request: 124.074533 seconds.
  path: Assets/AssetStoreOriginals/_SNAPS_PrototypingAssets/ModernOffice_Interior/Prefabs/NestedPrefab
  artifactKey: Guid(a84b4120211350c43aa398a82f6c6b81) Importer(815301076,1909f56bfc062723c751e8b465ee728b)
Start importing Assets/AssetStoreOriginals/_SNAPS_PrototypingAssets/ModernOffice_Interior/Prefabs/NestedPrefab using Guid(a84b4120211350c43aa398a82f6c6b81) Importer(815301076,1909f56bfc062723c751e8b465ee728b)  -> (artifact id: '294d77f6d42b3e35ab8aa18b4fc45a4f') in 0.004842 seconds 
========================================================================
Received Import Request.
  Time since last request: 0.035035 seconds.
  path: Assets/AssetStoreOriginals/_SNAPS_PrototypingAssets/ModernOffice_Interior/Prefabs/NestedPrefab/Corridor_Corner.prefab
  artifactKey: Guid(3272338b3af5af543be57fabe6120983) Importer(815301076,1909f56bfc062723c751e8b465ee728b)
Start importing Assets/AssetStoreOriginals/_SNAPS_PrototypingAssets/ModernOffice_Interior/Prefabs/NestedPrefab/Corridor_Corner.prefab using Guid(3272338b3af5af543be57fabe6120983) Importer(815301076,1909f56bfc062723c751e8b465ee728b)  -> (artifact id: '8bb52a49fb4159da8c372ba5b1a4cff2') in 0.071404 seconds 
========================================================================
Received Import Request.
  Time since last request: 0.000021 seconds.
  path: Assets/AssetStoreOriginals/_SNAPS_PrototypingAssets/ModernOffice_Interior/Prefabs/NestedPrefab/Room_Big.prefab
  artifactKey: Guid(b63a6ac70f02c5a40b968781f6d5b57b) Importer(815301076,1909f56bfc062723c751e8b465ee728b)
Start importing Assets/AssetStoreOriginals/_SNAPS_PrototypingAssets/ModernOffice_Interior/Prefabs/NestedPrefab/Room_Big.prefab using Guid(b63a6ac70f02c5a40b968781f6d5b57b) Importer(815301076,1909f56bfc062723c751e8b465ee728b)  -> (artifact id: '6c7fcfe782d3cb641c4dfce83fd5ee3d') in 0.110559 seconds 
========================================================================
Received Import Request.
  Time since last request: 0.000027 seconds.
  path: Assets/AssetStoreOriginals/_SNAPS_PrototypingAssets/ModernOffice_Interior/Prefabs/NestedPrefab/Room_01.prefab
  artifactKey: Guid(e74d3aa3601632946b6084f189714136) Importer(815301076,1909f56bfc062723c751e8b465ee728b)
Start importing Assets/AssetStoreOriginals/_SNAPS_PrototypingAssets/ModernOffice_Interior/Prefabs/NestedPrefab/Room_01.prefab using Guid(e74d3aa3601632946b6084f189714136) Importer(815301076,1909f56bfc062723c751e8b465ee728b)  -> (artifact id: '151ceea0b331f8e54b83c44e92d1c763') in 0.095250 seconds 
========================================================================
Received Import Request.
  Time since last request: 31.387510 seconds.
  path: Assets/AssetStoreOriginals/_SNAPS_PrototypingAssets/ModernOffice_Interior/Prefabs/SNAPS_NoHD
  artifactKey: Guid(5ce7768fe1be7a5468fff32e6bb0aea0) Importer(815301076,1909f56bfc062723c751e8b465ee728b)
Start importing Assets/AssetStoreOriginals/_SNAPS_PrototypingAssets/ModernOffice_Interior/Prefabs/SNAPS_NoHD using Guid(5ce7768fe1be7a5468fff32e6bb0aea0) Importer(815301076,1909f56bfc062723c751e8b465ee728b)  -> (artifact id: 'b6b1917a807a13f53bdce3a845c76b41') in 0.005015 seconds 
========================================================================
Received Import Request.
  Time since last request: 0.035645 seconds.
  path: Assets/AssetStoreOriginals/_SNAPS_PrototypingAssets/ModernOffice_Interior/Prefabs/SNAPS_NoHD/Neo_Ceiling_01_snaps001.prefab
  artifactKey: Guid(bd24722836be19f498fbdddf91572e01) Importer(815301076,1909f56bfc062723c751e8b465ee728b)
Start importing Assets/AssetStoreOriginals/_SNAPS_PrototypingAssets/ModernOffice_Interior/Prefabs/SNAPS_NoHD/Neo_Ceiling_01_snaps001.prefab using Guid(bd24722836be19f498fbdddf91572e01) Importer(815301076,1909f56bfc062723c751e8b465ee728b)  -> (artifact id: 'acf257304005164939827dd45934c96b') in 0.015952 seconds 
========================================================================
Received Import Request.
  Time since last request: 0.000014 seconds.
  path: Assets/AssetStoreOriginals/_SNAPS_PrototypingAssets/ModernOffice_Interior/Prefabs/SNAPS_NoHD/Neo_Pillar_01_S_4m_snaps001.prefab
  artifactKey: Guid(3fe8bc8047e9fd7409031b22ecc28172) Importer(815301076,1909f56bfc062723c751e8b465ee728b)
Start importing Assets/AssetStoreOriginals/_SNAPS_PrototypingAssets/ModernOffice_Interior/Prefabs/SNAPS_NoHD/Neo_Pillar_01_S_4m_snaps001.prefab using Guid(3fe8bc8047e9fd7409031b22ecc28172) Importer(815301076,1909f56bfc062723c751e8b465ee728b)  -> (artifact id: '55d74c04074411cdffbf1a2196b55d53') in 0.015874 seconds 
========================================================================
Received Import Request.
  Time since last request: 0.000015 seconds.
  path: Assets/AssetStoreOriginals/_SNAPS_PrototypingAssets/ModernOffice_Interior/Prefabs/SNAPS_NoHD/Neo_Pillar_02_M_4m_snaps001.prefab
  artifactKey: Guid(fd1ecae17bcbb3548ade769d7f5b1f24) Importer(815301076,1909f56bfc062723c751e8b465ee728b)
Start importing Assets/AssetStoreOriginals/_SNAPS_PrototypingAssets/ModernOffice_Interior/Prefabs/SNAPS_NoHD/Neo_Pillar_02_M_4m_snaps001.prefab using Guid(fd1ecae17bcbb3548ade769d7f5b1f24) Importer(815301076,1909f56bfc062723c751e8b465ee728b)  -> (artifact id: '331fd8f49b4f700371687d4e05806c6e') in 0.014963 seconds 
========================================================================
Received Import Request.
  Time since last request: 0.000015 seconds.
  path: Assets/AssetStoreOriginals/_SNAPS_PrototypingAssets/ModernOffice_Interior/Prefabs/SNAPS_NoHD/Neo_WallDoor_01_4m_snaps001.prefab
  artifactKey: Guid(cfdbdef0dbf22c44a837e3c9209db83a) Importer(815301076,1909f56bfc062723c751e8b465ee728b)
Start importing Assets/AssetStoreOriginals/_SNAPS_PrototypingAssets/ModernOffice_Interior/Prefabs/SNAPS_NoHD/Neo_WallDoor_01_4m_snaps001.prefab using Guid(cfdbdef0dbf22c44a837e3c9209db83a) Importer(815301076,1909f56bfc062723c751e8b465ee728b)  -> (artifact id: '3d1390e5ce9c48b71119247c21c9143a') in 0.016168 seconds 
========================================================================
Received Import Request.
  Time since last request: 0.000013 seconds.
  path: Assets/AssetStoreOriginals/_SNAPS_PrototypingAssets/ModernOffice_Interior/Prefabs/SNAPS_NoHD/Neo_WallWindowFrame_03_4m_snaps001.prefab
  artifactKey: Guid(462709b1a194d414592da88cad9c14df) Importer(815301076,1909f56bfc062723c751e8b465ee728b)
Start importing Assets/AssetStoreOriginals/_SNAPS_PrototypingAssets/ModernOffice_Interior/Prefabs/SNAPS_NoHD/Neo_WallWindowFrame_03_4m_snaps001.prefab using Guid(462709b1a194d414592da88cad9c14df) Importer(815301076,1909f56bfc062723c751e8b465ee728b)  -> (artifact id: '832cd3de316a06cbc6ca21763d2854bd') in 0.028037 seconds 
========================================================================
Received Import Request.
  Time since last request: 0.000016 seconds.
  path: Assets/AssetStoreOriginals/_SNAPS_PrototypingAssets/ModernOffice_Interior/Prefabs/SNAPS_NoHD/Neo_Wall_Joint_4m_snaps001.prefab
  artifactKey: Guid(e1b1bc960ce75964bbcbef5953f67ad5) Importer(815301076,1909f56bfc062723c751e8b465ee728b)
Start importing Assets/AssetStoreOriginals/_SNAPS_PrototypingAssets/ModernOffice_Interior/Prefabs/SNAPS_NoHD/Neo_Wall_Joint_4m_snaps001.prefab using Guid(e1b1bc960ce75964bbcbef5953f67ad5) Importer(815301076,1909f56bfc062723c751e8b465ee728b)  -> (artifact id: '2a83def3e5e6f21352e704e7698d6907') in 0.025947 seconds 
========================================================================
Received Import Request.
  Time since last request: 0.000018 seconds.
  path: Assets/AssetStoreOriginals/_SNAPS_PrototypingAssets/ModernOffice_Interior/Prefabs/SNAPS_NoHD/Neo_WallWindowFrame_02_4m_snaps001.prefab
  artifactKey: Guid(5b41703580b9f54448d1e4fdbbf7efef) Importer(815301076,1909f56bfc062723c751e8b465ee728b)
Start importing Assets/AssetStoreOriginals/_SNAPS_PrototypingAssets/ModernOffice_Interior/Prefabs/SNAPS_NoHD/Neo_WallWindowFrame_02_4m_snaps001.prefab using Guid(5b41703580b9f54448d1e4fdbbf7efef) Importer(815301076,1909f56bfc062723c751e8b465ee728b)  -> (artifact id: 'a6d6e5aaba8101193afab1f608dbc01e') in 0.021218 seconds 
========================================================================
Received Import Request.
  Time since last request: 0.000018 seconds.
  path: Assets/AssetStoreOriginals/_SNAPS_PrototypingAssets/ModernOffice_Interior/Prefabs/SNAPS_NoHD/StairCase_01_4m_snaps001.prefab
  artifactKey: Guid(5f52a5120f1de6d4b8a490f2646760f8) Importer(815301076,1909f56bfc062723c751e8b465ee728b)
Start importing Assets/AssetStoreOriginals/_SNAPS_PrototypingAssets/ModernOffice_Interior/Prefabs/SNAPS_NoHD/StairCase_01_4m_snaps001.prefab using Guid(5f52a5120f1de6d4b8a490f2646760f8) Importer(815301076,1909f56bfc062723c751e8b465ee728b)  -> (artifact id: 'cca1aab00dffef6d340ae7e72a0f355b') in 0.021697 seconds 
========================================================================
Received Import Request.
  Time since last request: 3.973697 seconds.
  path: Assets/AssetStoreOriginals/_SNAPS_PrototypingAssets/ModernOffice_Interior/Prefabs/Structure
  artifactKey: Guid(020ff81d9aab09e47aebe035db40f04d) Importer(815301076,1909f56bfc062723c751e8b465ee728b)
Start importing Assets/AssetStoreOriginals/_SNAPS_PrototypingAssets/ModernOffice_Interior/Prefabs/Structure using Guid(020ff81d9aab09e47aebe035db40f04d) Importer(815301076,1909f56bfc062723c751e8b465ee728b)  -> (artifact id: '3c90ed5a4095038953743ea6bf28f7ef') in 0.003146 seconds 
