Using pre-set license
Built from '2021.2/staging' branch; Version is '2021.2.7f1 (6bd9e232123f) revision 7068130'; Using compiler version '192829333'; Build Type 'Release'
OS: 'Windows 10  (10.0.19042) 64bit Professional' Language: 'en' Physical Memory: 32685 MB
BatchMode: 1, IsHumanControllingUs: 0, StartBugReporterOnCrash: 0, Is64bit: 1, IsPro: 0

COMMAND LINE ARGUMENTS:
C:\Program Files\Unity\Hub\Editor\2021.2.7f1\Editor\Unity.exe
-adb2
-batchMode
-noUpm
-name
AssetImportWorker2
-projectPath
C:/Users/Ashley/Desktop/NYU/Week12
-logFile
Logs/AssetImportWorker2.log
-srvPort
63002
Successfully changed project path to: C:/Users/Ashley/Desktop/NYU/Week12
C:/Users/Ashley/Desktop/NYU/Week12
[UnityMemory] Configuration Parameters - Can be set up in boot.config
    "memorysetup-bucket-allocator-granularity=16"
    "memorysetup-bucket-allocator-bucket-count=8"
    "memorysetup-bucket-allocator-block-size=33554432"
    "memorysetup-bucket-allocator-block-count=8"
    "memorysetup-main-allocator-block-size=16777216"
    "memorysetup-thread-allocator-block-size=16777216"
    "memorysetup-gfx-main-allocator-block-size=16777216"
    "memorysetup-gfx-thread-allocator-block-size=16777216"
    "memorysetup-cache-allocator-block-size=4194304"
    "memorysetup-typetree-allocator-block-size=2097152"
    "memorysetup-profiler-bucket-allocator-granularity=16"
    "memorysetup-profiler-bucket-allocator-bucket-count=8"
    "memorysetup-profiler-bucket-allocator-block-size=33554432"
    "memorysetup-profiler-bucket-allocator-block-count=8"
    "memorysetup-profiler-allocator-block-size=16777216"
    "memorysetup-profiler-editor-allocator-block-size=1048576"
    "memorysetup-temp-allocator-size-main=16777216"
    "memorysetup-job-temp-allocator-block-size=2097152"
    "memorysetup-job-temp-allocator-block-size-background=1048576"
    "memorysetup-job-temp-allocator-reduction-small-platforms=262144"
    "memorysetup-temp-allocator-size-background-worker=32768"
    "memorysetup-temp-allocator-size-job-worker=262144"
    "memorysetup-temp-allocator-size-preload-manager=33554432"
    "memorysetup-temp-allocator-size-nav-mesh-worker=65536"
    "memorysetup-temp-allocator-size-audio-worker=65536"
    "memorysetup-temp-allocator-size-cloud-worker=32768"
    "memorysetup-temp-allocator-size-gi-baking-worker=262144"
    "memorysetup-temp-allocator-size-gfx=262144"
Refreshing native plugins compatible for Editor in 49.85 ms, found 5 plugins.
Preloading 1 native plugins for Editor in 0.65 ms.
Initialize engine version: 2021.2.7f1 (6bd9e232123f)
[Subsystems] Discovering subsystems at path C:/Program Files/Unity/Hub/Editor/2021.2.7f1/Editor/Data/Resources/UnitySubsystems
[Subsystems] Discovering subsystems at path C:/Users/Ashley/Desktop/NYU/Week12/Assets
GfxDevice: creating device client; threaded=0; jobified=0
Direct3D:
    Version:  Direct3D 11.0 [level 11.1]
    Renderer: NVIDIA GeForce GTX 1660 SUPER (ID=0x21c4)
    Vendor:   NVIDIA
    VRAM:     5991 MB
    Driver:   30.0.14.9729
Initialize mono
Mono path[0] = 'C:/Program Files/Unity/Hub/Editor/2021.2.7f1/Editor/Data/Managed'
Mono path[1] = 'C:/Program Files/Unity/Hub/Editor/2021.2.7f1/Editor/Data/MonoBleedingEdge/lib/mono/unityjit-win32'
Mono config path = 'C:/Program Files/Unity/Hub/Editor/2021.2.7f1/Editor/Data/MonoBleedingEdge/etc'
Using monoOptions --debugger-agent=transport=dt_socket,embedding=1,server=y,suspend=n,address=127.0.0.1:56760
Begin MonoManager ReloadAssembly
Registering precompiled unity dll's ...
Register platform support module: C:/Program Files/Unity/Hub/Editor/2021.2.7f1/Editor/Data/PlaybackEngines/WindowsStandaloneSupport/UnityEditor.WindowsStandalone.Extensions.dll
Registered in 0.006471 seconds.
Native extension for WindowsStandalone target not found
Refreshing native plugins compatible for Editor in 42.98 ms, found 5 plugins.
Preloading 1 native plugins for Editor in 0.07 ms.
Mono: successfully reloaded assembly
- Completed reload, in  0.554 seconds
Domain Reload Profiling:
	ReloadAssembly (555ms)
		BeginReloadAssembly (70ms)
			ExecutionOrderSort (0ms)
			DisableScriptedObjects (0ms)
			BackupInstance (0ms)
			ReleaseScriptingObjects (0ms)
			CreateAndSetChildDomain (1ms)
		EndReloadAssembly (409ms)
			LoadAssemblies (68ms)
			RebuildTransferFunctionScriptingTraits (0ms)
			SetupTypeCache (97ms)
			ReleaseScriptCaches (0ms)
			RebuildScriptCaches (25ms)
			SetupLoadedEditorAssemblies (237ms)
				LogAssemblyErrors (0ms)
				InitializePlatformSupportModulesInManaged (15ms)
				SetLoadedEditorAssemblies (0ms)
				RefreshPlugins (43ms)
				BeforeProcessingInitializeOnLoad (1ms)
				ProcessInitializeOnLoadAttributes (136ms)
				ProcessInitializeOnLoadMethodAttributes (42ms)
				AfterProcessingInitializeOnLoad (0ms)
				EditorAssembliesLoaded (0ms)
			ExecutionOrderSort2 (0ms)
			AwakeInstancesAfterBackupRestoration (0ms)
Platform modules already initialized, skipping
Registering precompiled user dll's ...
Registered in 0.004385 seconds.
Begin MonoManager ReloadAssembly
Native extension for WindowsStandalone target not found
Refreshing native plugins compatible for Editor in 43.22 ms, found 5 plugins.
Preloading 1 native plugins for Editor in 0.07 ms.
Package Manager log level set to [2]
System.Reflection.TargetInvocationException: Exception has been thrown by the target of an invocation. ---> System.NullReferenceException: Object reference not set to an instance of an object
  at Unity.XR.Oculus.OculusLoader.AssetPathToAbsolutePath (System.String assetPath) [0x0003d] in C:\Users\Ashley\Desktop\NYU\Week12\Library\PackageCache\com.unity.xr.oculus@1.11.0\Runtime\OculusLoader.cs:250 
  at Unity.XR.Oculus.OculusLoader.EditorLoadOVRPlugin () [0x0007b] in C:\Users\Ashley\Desktop\NYU\Week12\Library\PackageCache\com.unity.xr.oculus@1.11.0\Runtime\OculusLoader.cs:235 
  at (wrapper managed-to-native) System.Reflection.RuntimeMethodInfo.InternalInvoke(System.Reflection.RuntimeMethodInfo,object,object[],System.Exception&)
  at System.Reflection.RuntimeMethodInfo.Invoke (System.Object obj, System.Reflection.BindingFlags invokeAttr, System.Reflection.Binder binder, System.Object[] parameters, System.Globalization.CultureInfo culture) [0x0006a] in <31c0f51ac5a24a22ba784db24f4ba023>:0 
   --- End of inner exception stack trace ---
  at System.Reflection.RuntimeMethodInfo.Invoke (System.Object obj, System.Reflection.BindingFlags invokeAttr, System.Reflection.Binder binder, System.Object[] parameters, System.Globalization.CultureInfo culture) [0x00083] in <31c0f51ac5a24a22ba784db24f4ba023>:0 
  at System.Reflection.MethodBase.Invoke (System.Object obj, System.Object[] parameters) [0x00000] in <31c0f51ac5a24a22ba784db24f4ba023>:0 
  at UnityEditor.EditorAssemblies.ProcessInitializeOnLoadMethodAttributes () [0x000a5] in <0cde216a590a4d6fbc3d7db7ac203c5d>:0 
UnityEngine.StackTraceUtility:ExtractStackTrace ()
UnityEngine.DebugLogHandler:LogFormat (UnityEngine.LogType,UnityEngine.Object,string,object[])
UnityEngine.Logger:Log (UnityEngine.LogType,object)
UnityEngine.Debug:LogError (object)
UnityEditor.EditorAssemblies:ProcessInitializeOnLoadMethodAttributes ()

Mono: successfully reloaded assembly
- Completed reload, in  1.074 seconds
Domain Reload Profiling:
	ReloadAssembly (1075ms)
		BeginReloadAssembly (97ms)
			ExecutionOrderSort (0ms)
			DisableScriptedObjects (5ms)
			BackupInstance (0ms)
			ReleaseScriptingObjects (0ms)
			CreateAndSetChildDomain (15ms)
		EndReloadAssembly (887ms)
			LoadAssemblies (66ms)
			RebuildTransferFunctionScriptingTraits (0ms)
			SetupTypeCache (183ms)
			ReleaseScriptCaches (0ms)
			RebuildScriptCaches (50ms)
			SetupLoadedEditorAssemblies (542ms)
				LogAssemblyErrors (0ms)
				InitializePlatformSupportModulesInManaged (10ms)
				SetLoadedEditorAssemblies (0ms)
				RefreshPlugins (43ms)
				BeforeProcessingInitializeOnLoad (70ms)
				ProcessInitializeOnLoadAttributes (384ms)
				ProcessInitializeOnLoadMethodAttributes (27ms)
				AfterProcessingInitializeOnLoad (7ms)
				EditorAssembliesLoaded (0ms)
			ExecutionOrderSort2 (0ms)
			AwakeInstancesAfterBackupRestoration (4ms)
Platform modules already initialized, skipping
========================================================================
Worker process is ready to serve import requests
Launched and connected shader compiler UnityShaderCompiler.exe after 0.05 seconds
Refreshing native plugins compatible for Editor in 0.52 ms, found 5 plugins.
Preloading 1 native plugins for Editor in 0.07 ms.
Unloading 2680 Unused Serialized files (Serialized files now loaded: 0)
Unloading 119 unused Assets / (100.1 KB). Loaded Objects now: 3140.
Memory consumption went from 111.7 MB to 111.6 MB.
Total: 3.033700 ms (FindLiveObjects: 0.205300 ms CreateObjectMapping: 0.177300 ms MarkObjects: 2.453700 ms  DeleteObjects: 0.196200 ms)

AssetImportParameters requested are different than current active one (requested -> active):
  custom:video-decoder-ogg-theora: a1e56fd34408186e4bbccfd4996cb3dc -> 
  custom:container-muxer-webm: aa71ff27fc2769a1b78a27578f13a17b -> 
  custom:container-demuxer-webm: 4f35f7cbe854078d1ac9338744f61a02 -> 
  custom:video-encoder-webm-vp8: eb34c28f22e8b96e1ab97ce403110664 -> 
  custom:audio-encoder-webm-vorbis: bf7c407c2cedff20999df2af8eb42d56 -> 
  custom:framework-win-MediaFoundation: 216162199b28c13a410421893ffa2e32 -> 
  custom:container-demuxer-ogg: 62fdf1f143b41e24485cea50d1cbac27 -> 
  custom:video-decoder-webm-vp8: 9c59270c3fd7afecdb556c50c9e8de78 -> 
  custom:audio-decoder-ogg-vorbis: bf7c407c2cedff20999df2af8eb42d56 -> 
========================================================================
Received Import Request.
  Time since last request: 1789.292326 seconds.
  path: Assets/Prefabs/Teleport.prefab
  artifactKey: Guid(4d05c206650c495419ea0c1a88161fb9) Importer(815301076,1909f56bfc062723c751e8b465ee728b)
Start importing Assets/Prefabs/Teleport.prefab using Guid(4d05c206650c495419ea0c1a88161fb9) Importer(815301076,1909f56bfc062723c751e8b465ee728b)  -> (artifact id: 'd0439d47216a5d5808f37854b513bf30') in 0.031387 seconds 
========================================================================
Received Import Request.
  Time since last request: 2.778599 seconds.
  path: Assets/Prefabs/Teleport.prefab
  artifactKey: Guid(4d05c206650c495419ea0c1a88161fb9) Importer(815301076,1909f56bfc062723c751e8b465ee728b)
Start importing Assets/Prefabs/Teleport.prefab using Guid(4d05c206650c495419ea0c1a88161fb9) Importer(815301076,1909f56bfc062723c751e8b465ee728b)  -> (artifact id: 'fbfe000b6aa190bf8b22581520c72c89') in 0.005872 seconds 
========================================================================
Received Import Request.
  Time since last request: 2.815619 seconds.
  path: Assets/Prefabs/Teleport.prefab
  artifactKey: Guid(4d05c206650c495419ea0c1a88161fb9) Importer(815301076,1909f56bfc062723c751e8b465ee728b)
Start importing Assets/Prefabs/Teleport.prefab using Guid(4d05c206650c495419ea0c1a88161fb9) Importer(815301076,1909f56bfc062723c751e8b465ee728b)  -> (artifact id: '364cec9bd00e8820cdbf562aa95f964f') in 0.005812 seconds 
========================================================================
Received Import Request.
  Time since last request: 4.023870 seconds.
  path: Assets/Prefabs/Teleport.prefab
  artifactKey: Guid(4d05c206650c495419ea0c1a88161fb9) Importer(815301076,1909f56bfc062723c751e8b465ee728b)
Start importing Assets/Prefabs/Teleport.prefab using Guid(4d05c206650c495419ea0c1a88161fb9) Importer(815301076,1909f56bfc062723c751e8b465ee728b)  -> (artifact id: '71070a3b966e10d28d56f4da10aef31b') in 0.005832 seconds 
========================================================================
Received Import Request.
  Time since last request: 29.748958 seconds.
  path: Assets/Prefabs/Teleport.prefab
  artifactKey: Guid(4d05c206650c495419ea0c1a88161fb9) Importer(815301076,1909f56bfc062723c751e8b465ee728b)
Start importing Assets/Prefabs/Teleport.prefab using Guid(4d05c206650c495419ea0c1a88161fb9) Importer(815301076,1909f56bfc062723c751e8b465ee728b)  -> (artifact id: '20378be24a94d3963a4b31604664b87e') in 0.006179 seconds 
========================================================================
Received Import Request.
  Time since last request: 8.203260 seconds.
  path: Assets/Prefabs/Teleport.prefab
  artifactKey: Guid(4d05c206650c495419ea0c1a88161fb9) Importer(815301076,1909f56bfc062723c751e8b465ee728b)
Start importing Assets/Prefabs/Teleport.prefab using Guid(4d05c206650c495419ea0c1a88161fb9) Importer(815301076,1909f56bfc062723c751e8b465ee728b)  -> (artifact id: '9b3cebb1e7646e746fac9c659a3116e8') in 0.006370 seconds 
========================================================================
Received Import Request.
  Time since last request: 47.431279 seconds.
  path: Assets/Prefabs/Teleport.prefab
  artifactKey: Guid(4d05c206650c495419ea0c1a88161fb9) Importer(815301076,1909f56bfc062723c751e8b465ee728b)
Start importing Assets/Prefabs/Teleport.prefab using Guid(4d05c206650c495419ea0c1a88161fb9) Importer(815301076,1909f56bfc062723c751e8b465ee728b)  -> (artifact id: '6ecbd0e9719b06fabd4de500ccfbb4c1') in 0.005927 seconds 
========================================================================
Received Import Request.
  Time since last request: 16.753301 seconds.
  path: Assets/Prefabs/Teleport.prefab
  artifactKey: Guid(4d05c206650c495419ea0c1a88161fb9) Importer(815301076,1909f56bfc062723c751e8b465ee728b)
Start importing Assets/Prefabs/Teleport.prefab using Guid(4d05c206650c495419ea0c1a88161fb9) Importer(815301076,1909f56bfc062723c751e8b465ee728b)  -> (artifact id: '9cb40fc74a6b8252869cb7c13a64b929') in 0.011397 seconds 
========================================================================
Received Import Request.
  Time since last request: 14.680811 seconds.
  path: Assets/Prefabs/Teleport.prefab
  artifactKey: Guid(4d05c206650c495419ea0c1a88161fb9) Importer(815301076,1909f56bfc062723c751e8b465ee728b)
Start importing Assets/Prefabs/Teleport.prefab using Guid(4d05c206650c495419ea0c1a88161fb9) Importer(815301076,1909f56bfc062723c751e8b465ee728b)  -> (artifact id: '9f507d1ed87286404d63eaaff6cdab22') in 0.006539 seconds 
========================================================================
Received Import Request.
  Time since last request: 41.295368 seconds.
  path: Assets/Prefabs/Teleport.prefab
  artifactKey: Guid(4d05c206650c495419ea0c1a88161fb9) Importer(815301076,1909f56bfc062723c751e8b465ee728b)
Start importing Assets/Prefabs/Teleport.prefab using Guid(4d05c206650c495419ea0c1a88161fb9) Importer(815301076,1909f56bfc062723c751e8b465ee728b)  -> (artifact id: '0b426cf2fe85761561657ab7fa0c7abf') in 0.073765 seconds 
========================================================================
Received Import Request.
  Time since last request: 5.532579 seconds.
  path: Assets/Prefabs/Teleport.prefab
  artifactKey: Guid(4d05c206650c495419ea0c1a88161fb9) Importer(815301076,1909f56bfc062723c751e8b465ee728b)
Start importing Assets/Prefabs/Teleport.prefab using Guid(4d05c206650c495419ea0c1a88161fb9) Importer(815301076,1909f56bfc062723c751e8b465ee728b)  -> (artifact id: 'c1bf14e35602f9c6f1bac001e2313b4a') in 0.014984 seconds 
========================================================================
Received Import Request.
  Time since last request: 0.791870 seconds.
  path: Assets/Prefabs/Teleport.prefab
  artifactKey: Guid(4d05c206650c495419ea0c1a88161fb9) Importer(815301076,1909f56bfc062723c751e8b465ee728b)
Start importing Assets/Prefabs/Teleport.prefab using Guid(4d05c206650c495419ea0c1a88161fb9) Importer(815301076,1909f56bfc062723c751e8b465ee728b)  -> (artifact id: 'd9928a2a6ac9f7c0037f06e09336a8b5') in 0.011375 seconds 
========================================================================
Received Import Request.
  Time since last request: 1.395566 seconds.
  path: Assets/Prefabs/Teleport.prefab
  artifactKey: Guid(4d05c206650c495419ea0c1a88161fb9) Importer(815301076,1909f56bfc062723c751e8b465ee728b)
Start importing Assets/Prefabs/Teleport.prefab using Guid(4d05c206650c495419ea0c1a88161fb9) Importer(815301076,1909f56bfc062723c751e8b465ee728b)  -> (artifact id: 'e2775a79b9225539887590ba85ef7480') in 0.017825 seconds 
========================================================================
Received Import Request.
  Time since last request: 11.260615 seconds.
  path: Assets/Prefabs/Teleport.prefab
  artifactKey: Guid(4d05c206650c495419ea0c1a88161fb9) Importer(815301076,1909f56bfc062723c751e8b465ee728b)
Start importing Assets/Prefabs/Teleport.prefab using Guid(4d05c206650c495419ea0c1a88161fb9) Importer(815301076,1909f56bfc062723c751e8b465ee728b)  -> (artifact id: 'aff261ec1c02da5620ad5efbd683897e') in 0.020108 seconds 
========================================================================
Received Import Request.
  Time since last request: 16.531782 seconds.
  path: Assets/Materials
  artifactKey: Guid(056a6b6370899d64bb129137c5c0f2de) Importer(815301076,1909f56bfc062723c751e8b465ee728b)
Start importing Assets/Materials using Guid(056a6b6370899d64bb129137c5c0f2de) Importer(815301076,1909f56bfc062723c751e8b465ee728b)  -> (artifact id: '50627b8c490b565af136da00e0836daa') in 0.005576 seconds 
========================================================================
Received Import Request.
  Time since last request: 11.805456 seconds.
  path: Assets/Materials/Mat1.mat
  artifactKey: Guid(b31d5ab1500876e49901c00215bb187f) Importer(815301076,1909f56bfc062723c751e8b465ee728b)
Start importing Assets/Materials/Mat1.mat using Guid(b31d5ab1500876e49901c00215bb187f) Importer(815301076,1909f56bfc062723c751e8b465ee728b)  -> (artifact id: 'aa7a8e3d748ef79cdddf5a3704e0bd92') in 0.027124 seconds 
========================================================================
Received Import Request.
  Time since last request: 38.602203 seconds.
  path: Assets/Prefabs/Teleport.prefab
  artifactKey: Guid(4d05c206650c495419ea0c1a88161fb9) Importer(815301076,1909f56bfc062723c751e8b465ee728b)
Start importing Assets/Prefabs/Teleport.prefab using Guid(4d05c206650c495419ea0c1a88161fb9) Importer(815301076,1909f56bfc062723c751e8b465ee728b)  -> (artifact id: 'a37726d62d69f99abe8ede328b075f1d') in 0.007494 seconds 
========================================================================
Received Import Request.
  Time since last request: 2.047328 seconds.
  path: Assets/Prefabs/Sphere.prefab
  artifactKey: Guid(3bf62264412a42c488022c1a90bcc68b) Importer(815301076,1909f56bfc062723c751e8b465ee728b)
Start importing Assets/Prefabs/Sphere.prefab using Guid(3bf62264412a42c488022c1a90bcc68b) Importer(815301076,1909f56bfc062723c751e8b465ee728b)  -> (artifact id: 'd919f92463ac05150b0365e204dd4abc') in 0.010342 seconds 
========================================================================
Received Import Request.
  Time since last request: 0.009909 seconds.
  path: Assets/Prefabs/Teleport.prefab
  artifactKey: Guid(4d05c206650c495419ea0c1a88161fb9) Importer(815301076,1909f56bfc062723c751e8b465ee728b)
Start importing Assets/Prefabs/Teleport.prefab using Guid(4d05c206650c495419ea0c1a88161fb9) Importer(815301076,1909f56bfc062723c751e8b465ee728b)  -> (artifact id: '1930ad697d6768d6cb30a2f793dacbba') in 0.007599 seconds 
========================================================================
Received Import Request.
  Time since last request: 11.649405 seconds.
  path: Assets/Prefabs/Teleport.prefab
  artifactKey: Guid(4d05c206650c495419ea0c1a88161fb9) Importer(815301076,1909f56bfc062723c751e8b465ee728b)
Start importing Assets/Prefabs/Teleport.prefab using Guid(4d05c206650c495419ea0c1a88161fb9) Importer(815301076,1909f56bfc062723c751e8b465ee728b)  -> (artifact id: '8dedd2875870ecb7d6ccd8da61dcedbd') in 0.009693 seconds 
========================================================================
Received Import Request.
  Time since last request: 38.174825 seconds.
  path: Assets/AssetStoreOriginals/_SNAPS_PrototypingAssets/SciFi_Industrial/Prefabs/Decor/Bolton_M_01_snaps002.prefab
  artifactKey: Guid(34109158f4c07db4eaccadadcf4e10e8) Importer(815301076,1909f56bfc062723c751e8b465ee728b)
Start importing Assets/AssetStoreOriginals/_SNAPS_PrototypingAssets/SciFi_Industrial/Prefabs/Decor/Bolton_M_01_snaps002.prefab using Guid(34109158f4c07db4eaccadadcf4e10e8) Importer(815301076,1909f56bfc062723c751e8b465ee728b)  -> (artifact id: 'e9f4fe5904b1740d1250b7b26dd5dcb8') in 0.011159 seconds 
========================================================================
Received Import Request.
  Time since last request: 0.000015 seconds.
  path: Assets/AssetStoreOriginals/_SNAPS_PrototypingAssets/SciFi_Industrial/Prefabs/Decor/Bolton_S_01_snaps002.prefab
  artifactKey: Guid(d0dda10dd211d514299c0d89644d400e) Importer(815301076,1909f56bfc062723c751e8b465ee728b)
Start importing Assets/AssetStoreOriginals/_SNAPS_PrototypingAssets/SciFi_Industrial/Prefabs/Decor/Bolton_S_01_snaps002.prefab using Guid(d0dda10dd211d514299c0d89644d400e) Importer(815301076,1909f56bfc062723c751e8b465ee728b)  -> (artifact id: 'c5664d748f3f412bece92d116368ef96') in 0.011303 seconds 
========================================================================
Received Import Request.
  Time since last request: 0.000020 seconds.
  path: Assets/AssetStoreOriginals/_SNAPS_PrototypingAssets/SciFi_Industrial/Prefabs/Decor/CabelCover_03_snaps002.prefab
  artifactKey: Guid(d98c873374e2a244abcd85262a0b32fa) Importer(815301076,1909f56bfc062723c751e8b465ee728b)
Start importing Assets/AssetStoreOriginals/_SNAPS_PrototypingAssets/SciFi_Industrial/Prefabs/Decor/CabelCover_03_snaps002.prefab using Guid(d98c873374e2a244abcd85262a0b32fa) Importer(815301076,1909f56bfc062723c751e8b465ee728b)  -> (artifact id: '7b087d719447fce1aba9a30c195b0d84') in 0.012850 seconds 
========================================================================
Received Import Request.
  Time since last request: 0.000017 seconds.
  path: Assets/AssetStoreOriginals/_SNAPS_PrototypingAssets/SciFi_Industrial/Prefabs/Decor/CabelCover_01_snaps002.prefab
  artifactKey: Guid(283ce326b9aea664286163278051fa9c) Importer(815301076,1909f56bfc062723c751e8b465ee728b)
Start importing Assets/AssetStoreOriginals/_SNAPS_PrototypingAssets/SciFi_Industrial/Prefabs/Decor/CabelCover_01_snaps002.prefab using Guid(283ce326b9aea664286163278051fa9c) Importer(815301076,1909f56bfc062723c751e8b465ee728b)  -> (artifact id: '2446745da36a984ab48c6492e98cce77') in 0.011256 seconds 
========================================================================
Received Import Request.
  Time since last request: 0.000017 seconds.
  path: Assets/AssetStoreOriginals/_SNAPS_PrototypingAssets/SciFi_Industrial/Prefabs/Decor/CapShock_M_01_snaps002.prefab
  artifactKey: Guid(cec8525009a9342498bf9a8dfc7de1d8) Importer(815301076,1909f56bfc062723c751e8b465ee728b)
Start importing Assets/AssetStoreOriginals/_SNAPS_PrototypingAssets/SciFi_Industrial/Prefabs/Decor/CapShock_M_01_snaps002.prefab using Guid(cec8525009a9342498bf9a8dfc7de1d8) Importer(815301076,1909f56bfc062723c751e8b465ee728b)  -> (artifact id: '2cebfba33c889f10a495dbdbc3cfa38a') in 0.010585 seconds 
========================================================================
Received Import Request.
  Time since last request: 12.260717 seconds.
  path: Assets/Prefabs/Teleport.prefab
  artifactKey: Guid(4d05c206650c495419ea0c1a88161fb9) Importer(815301076,1909f56bfc062723c751e8b465ee728b)
Start importing Assets/Prefabs/Teleport.prefab using Guid(4d05c206650c495419ea0c1a88161fb9) Importer(815301076,1909f56bfc062723c751e8b465ee728b)  -> (artifact id: '62501ab70ebc1934386b177795049dab') in 0.003932 seconds 
========================================================================
Received Import Request.
  Time since last request: 19.284729 seconds.
  path: Assets/Prefabs/TeleportationReticle.prefab
  artifactKey: Guid(3bf62264412a42c488022c1a90bcc68b) Importer(815301076,1909f56bfc062723c751e8b465ee728b)
Start importing Assets/Prefabs/TeleportationReticle.prefab using Guid(3bf62264412a42c488022c1a90bcc68b) Importer(815301076,1909f56bfc062723c751e8b465ee728b)  -> (artifact id: 'f6070b350d0f0d417eac410461120149') in 0.012249 seconds 
