Using pre-set license
Built from '2020.3/staging' branch; Version is '2020.3.20f1 (41c4e627c95f) revision 4310246'; Using compiler version '192528614'; Build Type 'Release'
OS: 'Windows 10 Pro; OS build 19042.1415; Version 2009; 64bit' Language: 'en' Physical Memory: 32685 MB
BatchMode: 1, IsHumanControllingUs: 0, StartBugReporterOnCrash: 0, Is64bit: 1, IsPro: 0

COMMAND LINE ARGUMENTS:
C:\Program Files\Unity\Hub\Editor\2020.3.20f1\Editor\Unity.exe
-adb2
-batchMode
-noUpm
-name
AssetImportWorker0
-projectPath
C:/Users/Ashley/Desktop/NYU/Week12
-logFile
Logs/AssetImportWorker0.log
-srvPort
57030
Successfully changed project path to: C:/Users/Ashley/Desktop/NYU/Week12
C:/Users/Ashley/Desktop/NYU/Week12
Using Asset Import Pipeline V2.
Refreshing native plugins compatible for Editor in 40.96 ms, found 5 plugins.
Preloading 1 native plugins for Editor in 0.76 ms.
Initialize engine version: 2020.3.20f1 (41c4e627c95f)
[Subsystems] Discovering subsystems at path C:/Program Files/Unity/Hub/Editor/2020.3.20f1/Editor/Data/Resources/UnitySubsystems
[Subsystems] Discovering subsystems at path C:/Users/Ashley/Desktop/NYU/Week12/Assets
GfxDevice: creating device client; threaded=0
Direct3D:
    Version:  Direct3D 11.0 [level 11.1]
    Renderer: NVIDIA GeForce GTX 1660 SUPER (ID=0x21c4)
    Vendor:   
    VRAM:     5991 MB
    Driver:   30.0.14.9729
Initialize mono
Mono path[0] = 'C:/Program Files/Unity/Hub/Editor/2020.3.20f1/Editor/Data/Managed'
Mono path[1] = 'C:/Program Files/Unity/Hub/Editor/2020.3.20f1/Editor/Data/MonoBleedingEdge/lib/mono/unityjit'
Mono config path = 'C:/Program Files/Unity/Hub/Editor/2020.3.20f1/Editor/Data/MonoBleedingEdge/etc'
Using monoOptions --debugger-agent=transport=dt_socket,embedding=1,server=y,suspend=n,address=127.0.0.1:56740
Begin MonoManager ReloadAssembly
Registering precompiled unity dll's ...
Register platform support module: C:/Program Files/Unity/Hub/Editor/2020.3.20f1/Editor/Data/PlaybackEngines/WindowsStandaloneSupport/UnityEditor.WindowsStandalone.Extensions.dll
Registered in 0.001637 seconds.
Native extension for WindowsStandalone target not found
Refreshing native plugins compatible for Editor in 36.63 ms, found 5 plugins.
Preloading 1 native plugins for Editor in 0.07 ms.
Mono: successfully reloaded assembly
- Completed reload, in  1.734 seconds
Domain Reload Profiling:
	ReloadAssembly (1734ms)
		BeginReloadAssembly (46ms)
			ExecutionOrderSort (0ms)
			DisableScriptedObjects (0ms)
			BackupInstance (0ms)
			ReleaseScriptingObjects (0ms)
			CreateAndSetChildDomain (1ms)
		EndReloadAssembly (369ms)
			LoadAssemblies (44ms)
			RebuildTransferFunctionScriptingTraits (0ms)
			SetupTypeCache (130ms)
			ReleaseScriptCaches (0ms)
			RebuildScriptCaches (26ms)
			SetupLoadedEditorAssemblies (149ms)
				LogAssemblyErrors (0ms)
				InitializePlatformSupportModulesInManaged (3ms)
				SetLoadedEditorAssemblies (0ms)
				RefreshPlugins (37ms)
				BeforeProcessingInitializeOnLoad (14ms)
				ProcessInitializeOnLoadAttributes (71ms)
				ProcessInitializeOnLoadMethodAttributes (24ms)
				AfterProcessingInitializeOnLoad (0ms)
				EditorAssembliesLoaded (0ms)
			ExecutionOrderSort2 (0ms)
			AwakeInstancesAfterBackupRestoration (0ms)
Platform modules already initialized, skipping
Registering precompiled user dll's ...
Registered in 0.003988 seconds.
Begin MonoManager ReloadAssembly
Native extension for WindowsStandalone target not found
Refreshing native plugins compatible for Editor in 0.42 ms, found 5 plugins.
Preloading 1 native plugins for Editor in 0.07 ms.
[XR] OculusXRPlugin: registering subsystems
[XR] Unable to register display lifecyle provider: [1]
[XR] Oculus Input lifecycle provider registered.
[XR] Unable to register input lifecyle provider: [1]
System.Reflection.TargetInvocationException: Exception has been thrown by the target of an invocation. ---> System.NullReferenceException: Object reference not set to an instance of an object
  at Unity.XR.Oculus.OculusLoader.AssetPathToAbsolutePath (System.String assetPath) [0x00048] in C:\Users\Ashley\Desktop\NYU\Week12\Library\PackageCache\com.unity.xr.oculus@1.10.0\Runtime\OculusLoader.cs:250 
  at Unity.XR.Oculus.OculusLoader.EditorLoadOVRPlugin () [0x0007b] in C:\Users\Ashley\Desktop\NYU\Week12\Library\PackageCache\com.unity.xr.oculus@1.10.0\Runtime\OculusLoader.cs:235 
  at (wrapper managed-to-native) System.Reflection.MonoMethod.InternalInvoke(System.Reflection.MonoMethod,object,object[],System.Exception&)
  at System.Reflection.MonoMethod.Invoke (System.Object obj, System.Reflection.BindingFlags invokeAttr, System.Reflection.Binder binder, System.Object[] parameters, System.Globalization.CultureInfo culture) [0x00032] in <695d1cc93cca45069c528c15c9fdd749>:0 
   --- End of inner exception stack trace ---
  at System.Reflection.MonoMethod.Invoke (System.Object obj, System.Reflection.BindingFlags invokeAttr, System.Reflection.Binder binder, System.Object[] parameters, System.Globalization.CultureInfo culture) [0x00048] in <695d1cc93cca45069c528c15c9fdd749>:0 
  at System.Reflection.MethodBase.Invoke (System.Object obj, System.Object[] parameters) [0x00000] in <695d1cc93cca45069c528c15c9fdd749>:0 
  at UnityEditor.EditorAssemblies.ProcessInitializeOnLoadMethodAttributes () [0x00047] in <83a38f5397d94e36a22efa3369c82390>:0 
UnityEngine.StackTraceUtility:ExtractStackTrace ()
UnityEngine.DebugLogHandler:LogFormat (UnityEngine.LogType,UnityEngine.Object,string,object[])
UnityEngine.Logger:Log (UnityEngine.LogType,object)
UnityEngine.Debug:LogError (object)
UnityEditor.EditorAssemblies:ProcessInitializeOnLoadMethodAttributes ()

Mono: successfully reloaded assembly
- Completed reload, in  0.949 seconds
Domain Reload Profiling:
	ReloadAssembly (950ms)
		BeginReloadAssembly (124ms)
			ExecutionOrderSort (0ms)
			DisableScriptedObjects (4ms)
			BackupInstance (0ms)
			ReleaseScriptingObjects (0ms)
			CreateAndSetChildDomain (14ms)
		EndReloadAssembly (770ms)
			LoadAssemblies (76ms)
			RebuildTransferFunctionScriptingTraits (0ms)
			SetupTypeCache (243ms)
			ReleaseScriptCaches (0ms)
			RebuildScriptCaches (39ms)
			SetupLoadedEditorAssemblies (320ms)
				LogAssemblyErrors (0ms)
				InitializePlatformSupportModulesInManaged (4ms)
				SetLoadedEditorAssemblies (0ms)
				RefreshPlugins (1ms)
				BeforeProcessingInitializeOnLoad (80ms)
				ProcessInitializeOnLoadAttributes (214ms)
				ProcessInitializeOnLoadMethodAttributes (16ms)
				AfterProcessingInitializeOnLoad (6ms)
				EditorAssembliesLoaded (0ms)
			ExecutionOrderSort2 (0ms)
			AwakeInstancesAfterBackupRestoration (5ms)
Platform modules already initialized, skipping
========================================================================
Worker process is ready to serve import requests
Launched and connected shader compiler UnityShaderCompiler.exe after 0.06 seconds
Refreshing native plugins compatible for Editor in 0.46 ms, found 5 plugins.
Preloading 1 native plugins for Editor in 0.07 ms.
Unloading 1898 Unused Serialized files (Serialized files now loaded: 0)
System memory in use before: 85.8 MB.
System memory in use after: 85.9 MB.

Unloading 19 unused Assets to reduce memory usage. Loaded Objects now: 2334.
Total: 3.652400 ms (FindLiveObjects: 0.172300 ms CreateObjectMapping: 0.080900 ms MarkObjects: 3.285300 ms  DeleteObjects: 0.113100 ms)

AssetImportParameters requested are different than current active one (requested -> active):
  custom:framework-win-MediaFoundation: 216162199b28c13a410421893ffa2e32 -> 
  custom:video-decoder-ogg-theora: a1e56fd34408186e4bbccfd4996cb3dc -> 
  custom:container-muxer-webm: aa71ff27fc2769a1b78a27578f13a17b -> 
  custom:container-demuxer-webm: 4f35f7cbe854078d1ac9338744f61a02 -> 
  custom:container-demuxer-ogg: 62fdf1f143b41e24485cea50d1cbac27 -> 
  custom:video-encoder-webm-vp8: eb34c28f22e8b96e1ab97ce403110664 -> 
  custom:video-decoder-webm-vp8: 9c59270c3fd7afecdb556c50c9e8de78 -> 
  custom:audio-decoder-ogg-vorbis: bf7c407c2cedff20999df2af8eb42d56 -> 
  custom:audio-encoder-webm-vorbis: bf7c407c2cedff20999df2af8eb42d56 -> 
========================================================================
Received Import Request.
  path: Assets/AssetStoreOriginals/_SNAPS_PrototypingAssets/About/Readme.asset
  artifactKey: Guid(83c2ed844a8c74b779a4c823d16594b1) Importer(815301076,1909f56bfc062723c751e8b465ee728b)
Start importing Assets/AssetStoreOriginals/_SNAPS_PrototypingAssets/About/Readme.asset using Guid(83c2ed844a8c74b779a4c823d16594b1) Importer(815301076,1909f56bfc062723c751e8b465ee728b)  -> (artifact id: 'cf2ebd2844e1cee09475f357c3afb310') in 0.029023 seconds 
  Import took 0.032039 seconds .

========================================================================
Received Import Request.
  Time since last request: 21.794737 seconds.
  path: Assets/Scenes/SampleScene.unity
  artifactKey: Guid(9fc0d4010bbf28b4594072e72b8655ab) Importer(815301076,1909f56bfc062723c751e8b465ee728b)
Start importing Assets/Scenes/SampleScene.unity using Guid(9fc0d4010bbf28b4594072e72b8655ab) Importer(815301076,1909f56bfc062723c751e8b465ee728b)  -> (artifact id: '85059f4f9e1a832ed95adaa0d25c5c4c') in 0.008907 seconds 
  Import took 0.011337 seconds .

========================================================================
Received Import Request.
  Time since last request: 4.288027 seconds.
  path: Assets/Scenes/Maze.unity
  artifactKey: Guid(9fc0d4010bbf28b4594072e72b8655ab) Importer(815301076,1909f56bfc062723c751e8b465ee728b)
Start importing Assets/Scenes/Maze.unity using Guid(9fc0d4010bbf28b4594072e72b8655ab) Importer(815301076,1909f56bfc062723c751e8b465ee728b)  -> (artifact id: '90b919fb451d637c6e42ae9a5d2d01a6') in 0.006673 seconds 
  Import took 0.009071 seconds .

========================================================================
Received Import Request.
  Time since last request: 6.498637 seconds.
  path: Assets/AssetStoreOriginals/_SNAPS_PrototypingAssets/ModernOffice_Interior/Prefabs
  artifactKey: Guid(b6ea2805136f52a469bef95a0c629b6c) Importer(815301076,1909f56bfc062723c751e8b465ee728b)
Start importing Assets/AssetStoreOriginals/_SNAPS_PrototypingAssets/ModernOffice_Interior/Prefabs using Guid(b6ea2805136f52a469bef95a0c629b6c) Importer(815301076,1909f56bfc062723c751e8b465ee728b)  -> (artifact id: '2891b45c4e08153e96db0de0666982dd') in 0.005332 seconds 
  Import took 0.007845 seconds .

========================================================================
Received Import Request.
  Time since last request: 1.547139 seconds.
  path: Assets/AssetStoreOriginals/_SNAPS_PrototypingAssets/ModernOffice_Interior/Prefabs/SNAPS_NoHD
  artifactKey: Guid(5ce7768fe1be7a5468fff32e6bb0aea0) Importer(815301076,1909f56bfc062723c751e8b465ee728b)
Start importing Assets/AssetStoreOriginals/_SNAPS_PrototypingAssets/ModernOffice_Interior/Prefabs/SNAPS_NoHD using Guid(5ce7768fe1be7a5468fff32e6bb0aea0) Importer(815301076,1909f56bfc062723c751e8b465ee728b)  -> (artifact id: 'b51c9b513d2c550f56fd6c00884295f2') in 0.004730 seconds 
  Import took 0.007113 seconds .

========================================================================
Received Import Request.
  Time since last request: 0.048830 seconds.
  path: Assets/AssetStoreOriginals/_SNAPS_PrototypingAssets/ModernOffice_Interior/Prefabs/SNAPS_NoHD/Classic_Ceiling_02_snaps001.prefab
  artifactKey: Guid(52a315013fbd83d42b47ebada09e0329) Importer(815301076,1909f56bfc062723c751e8b465ee728b)
Start importing Assets/AssetStoreOriginals/_SNAPS_PrototypingAssets/ModernOffice_Interior/Prefabs/SNAPS_NoHD/Classic_Ceiling_02_snaps001.prefab using Guid(52a315013fbd83d42b47ebada09e0329) Importer(815301076,1909f56bfc062723c751e8b465ee728b)  -> (artifact id: '01acea294b184f88052cbc77c9497901') in 0.230384 seconds 
  Import took 0.232928 seconds .

========================================================================
Received Import Request.
  Time since last request: 0.000175 seconds.
  path: Assets/AssetStoreOriginals/_SNAPS_PrototypingAssets/ModernOffice_Interior/Prefabs/SNAPS_NoHD/Neo_Wall_4m_snaps001.prefab
  artifactKey: Guid(cd6649c2928f310498660dcff07705ac) Importer(815301076,1909f56bfc062723c751e8b465ee728b)
Start importing Assets/AssetStoreOriginals/_SNAPS_PrototypingAssets/ModernOffice_Interior/Prefabs/SNAPS_NoHD/Neo_Wall_4m_snaps001.prefab using Guid(cd6649c2928f310498660dcff07705ac) Importer(815301076,1909f56bfc062723c751e8b465ee728b)  -> (artifact id: 'b46ac8fa49d1b9e03670c9f1073f7bfc') in 0.011052 seconds 
  Import took 0.013431 seconds .

========================================================================
Received Import Request.
  Time since last request: 0.000155 seconds.
  path: Assets/AssetStoreOriginals/_SNAPS_PrototypingAssets/ModernOffice_Interior/Prefabs/SNAPS_NoHD/Neo_Floor_03_snaps001.prefab
  artifactKey: Guid(b3e1ae4b20d1a0845a32d4418535010b) Importer(815301076,1909f56bfc062723c751e8b465ee728b)
Start importing Assets/AssetStoreOriginals/_SNAPS_PrototypingAssets/ModernOffice_Interior/Prefabs/SNAPS_NoHD/Neo_Floor_03_snaps001.prefab using Guid(b3e1ae4b20d1a0845a32d4418535010b) Importer(815301076,1909f56bfc062723c751e8b465ee728b)  -> (artifact id: 'f356b9ef1b46ee721a5713bdf618bb27') in 0.010144 seconds 
  Import took 0.012487 seconds .

========================================================================
Received Import Request.
  Time since last request: 0.000186 seconds.
  path: Assets/AssetStoreOriginals/_SNAPS_PrototypingAssets/ModernOffice_Interior/Prefabs/SNAPS_NoHD/Neo_Pillar_02_L_4m_snaps001.prefab
  artifactKey: Guid(4d057e6b0c2f0b3438a341df00052ea5) Importer(815301076,1909f56bfc062723c751e8b465ee728b)
Start importing Assets/AssetStoreOriginals/_SNAPS_PrototypingAssets/ModernOffice_Interior/Prefabs/SNAPS_NoHD/Neo_Pillar_02_L_4m_snaps001.prefab using Guid(4d057e6b0c2f0b3438a341df00052ea5) Importer(815301076,1909f56bfc062723c751e8b465ee728b)  -> (artifact id: '52328571de768176a2caf96a2a9f6eab') in 0.010578 seconds 
  Import took 0.012984 seconds .

========================================================================
Received Import Request.
  Time since last request: 0.000188 seconds.
  path: Assets/AssetStoreOriginals/_SNAPS_PrototypingAssets/ModernOffice_Interior/Prefabs/SNAPS_NoHD/Neo_WallWindowFrame_03_4m_snaps001.prefab
  artifactKey: Guid(462709b1a194d414592da88cad9c14df) Importer(815301076,1909f56bfc062723c751e8b465ee728b)
Start importing Assets/AssetStoreOriginals/_SNAPS_PrototypingAssets/ModernOffice_Interior/Prefabs/SNAPS_NoHD/Neo_WallWindowFrame_03_4m_snaps001.prefab using Guid(462709b1a194d414592da88cad9c14df) Importer(815301076,1909f56bfc062723c751e8b465ee728b)  -> (artifact id: '5f80dbf81e6004ae023955f4273901bf') in 0.010705 seconds 
  Import took 0.013171 seconds .

========================================================================
Received Import Request.
  Time since last request: 0.000151 seconds.
  path: Assets/AssetStoreOriginals/_SNAPS_PrototypingAssets/ModernOffice_Interior/Prefabs/SNAPS_NoHD/Neo_Pillar_01_M_4m_snaps001.prefab
  artifactKey: Guid(9716301c1f7a89c4d8969bdeda62c4a2) Importer(815301076,1909f56bfc062723c751e8b465ee728b)
Start importing Assets/AssetStoreOriginals/_SNAPS_PrototypingAssets/ModernOffice_Interior/Prefabs/SNAPS_NoHD/Neo_Pillar_01_M_4m_snaps001.prefab using Guid(9716301c1f7a89c4d8969bdeda62c4a2) Importer(815301076,1909f56bfc062723c751e8b465ee728b)  -> (artifact id: 'd98dedb185f09c4b96accff65f68bfc6') in 0.010910 seconds 
  Import took 0.013318 seconds .

========================================================================
Received Import Request.
  Time since last request: 0.000149 seconds.
  path: Assets/AssetStoreOriginals/_SNAPS_PrototypingAssets/ModernOffice_Interior/Prefabs/SNAPS_NoHD/Neo_WallDoubleDoors_01_4m_snaps001.prefab
  artifactKey: Guid(bdd155ddbbfc71d4299eec62806c436a) Importer(815301076,1909f56bfc062723c751e8b465ee728b)
Start importing Assets/AssetStoreOriginals/_SNAPS_PrototypingAssets/ModernOffice_Interior/Prefabs/SNAPS_NoHD/Neo_WallDoubleDoors_01_4m_snaps001.prefab using Guid(bdd155ddbbfc71d4299eec62806c436a) Importer(815301076,1909f56bfc062723c751e8b465ee728b)  -> (artifact id: 'cf1d1ced5e091f1dd55f3b12933a1a1b') in 0.010898 seconds 
  Import took 0.013260 seconds .

========================================================================
Received Import Request.
  Time since last request: 0.000145 seconds.
  path: Assets/AssetStoreOriginals/_SNAPS_PrototypingAssets/ModernOffice_Interior/Prefabs/SNAPS_NoHD/Neo_Pillar_02_S_4m_snaps001.prefab
  artifactKey: Guid(4f8052f790ef1c14ba9a6145196c3af5) Importer(815301076,1909f56bfc062723c751e8b465ee728b)
Start importing Assets/AssetStoreOriginals/_SNAPS_PrototypingAssets/ModernOffice_Interior/Prefabs/SNAPS_NoHD/Neo_Pillar_02_S_4m_snaps001.prefab using Guid(4f8052f790ef1c14ba9a6145196c3af5) Importer(815301076,1909f56bfc062723c751e8b465ee728b)  -> (artifact id: '6d6a1186301090d23379c4536571bc04') in 0.010056 seconds 
  Import took 0.012453 seconds .

========================================================================
Received Import Request.
  Time since last request: 0.000182 seconds.
  path: Assets/AssetStoreOriginals/_SNAPS_PrototypingAssets/ModernOffice_Interior/Prefabs/SNAPS_NoHD/Neo_Floor_Ceiling_03_snaps001.prefab
  artifactKey: Guid(326806cc1d34f8b418df49602410fb71) Importer(815301076,1909f56bfc062723c751e8b465ee728b)
Start importing Assets/AssetStoreOriginals/_SNAPS_PrototypingAssets/ModernOffice_Interior/Prefabs/SNAPS_NoHD/Neo_Floor_Ceiling_03_snaps001.prefab using Guid(326806cc1d34f8b418df49602410fb71) Importer(815301076,1909f56bfc062723c751e8b465ee728b)  -> (artifact id: '3b3961d96a2223c179859084f4f1d7c3') in 0.011496 seconds 
  Import took 0.013952 seconds .

========================================================================
Received Import Request.
  Time since last request: 0.000158 seconds.
  path: Assets/AssetStoreOriginals/_SNAPS_PrototypingAssets/ModernOffice_Interior/Prefabs/SNAPS_NoHD/Classic_Floor_02_snaps001.prefab
  artifactKey: Guid(a9a6af830b7d63749a8d69dc96895156) Importer(815301076,1909f56bfc062723c751e8b465ee728b)
Start importing Assets/AssetStoreOriginals/_SNAPS_PrototypingAssets/ModernOffice_Interior/Prefabs/SNAPS_NoHD/Classic_Floor_02_snaps001.prefab using Guid(a9a6af830b7d63749a8d69dc96895156) Importer(815301076,1909f56bfc062723c751e8b465ee728b)  -> (artifact id: 'dc158879deda8b6c4f02a8e2b0d4a8b3') in 0.023923 seconds 
  Import took 0.026358 seconds .

========================================================================
Received Import Request.
  Time since last request: 0.000158 seconds.
  path: Assets/AssetStoreOriginals/_SNAPS_PrototypingAssets/ModernOffice_Interior/Prefabs/SNAPS_NoHD/Neo_WallDoubleDoorFrame_01_4m_snaps001.prefab
  artifactKey: Guid(37721718c89802b4da02486a095a25a2) Importer(815301076,1909f56bfc062723c751e8b465ee728b)
Start importing Assets/AssetStoreOriginals/_SNAPS_PrototypingAssets/ModernOffice_Interior/Prefabs/SNAPS_NoHD/Neo_WallDoubleDoorFrame_01_4m_snaps001.prefab using Guid(37721718c89802b4da02486a095a25a2) Importer(815301076,1909f56bfc062723c751e8b465ee728b)  -> (artifact id: '91613556350c523b1bd1f96e20dbfa5f') in 0.010646 seconds 
  Import took 0.013026 seconds .

========================================================================
Received Import Request.
  Time since last request: 0.000159 seconds.
  path: Assets/AssetStoreOriginals/_SNAPS_PrototypingAssets/ModernOffice_Interior/Prefabs/SNAPS_NoHD/Neo_Pillar_02_M_4m_snaps001.prefab
  artifactKey: Guid(fd1ecae17bcbb3548ade769d7f5b1f24) Importer(815301076,1909f56bfc062723c751e8b465ee728b)
Start importing Assets/AssetStoreOriginals/_SNAPS_PrototypingAssets/ModernOffice_Interior/Prefabs/SNAPS_NoHD/Neo_Pillar_02_M_4m_snaps001.prefab using Guid(fd1ecae17bcbb3548ade769d7f5b1f24) Importer(815301076,1909f56bfc062723c751e8b465ee728b)  -> (artifact id: '556abfb2c1905ed546e35ae96c564aff') in 0.010126 seconds 
  Import took 0.012527 seconds .

========================================================================
Received Import Request.
  Time since last request: 0.000193 seconds.
  path: Assets/AssetStoreOriginals/_SNAPS_PrototypingAssets/ModernOffice_Interior/Prefabs/SNAPS_NoHD/Neo_Wall_HeightGapFill_snaps001.prefab
  artifactKey: Guid(3b79e730b71b17f4c99286faf9074382) Importer(815301076,1909f56bfc062723c751e8b465ee728b)
Start importing Assets/AssetStoreOriginals/_SNAPS_PrototypingAssets/ModernOffice_Interior/Prefabs/SNAPS_NoHD/Neo_Wall_HeightGapFill_snaps001.prefab using Guid(3b79e730b71b17f4c99286faf9074382) Importer(815301076,1909f56bfc062723c751e8b465ee728b)  -> (artifact id: 'c67c930545b78ac6672bbedc3dba9158') in 0.010328 seconds 
  Import took 0.012770 seconds .

========================================================================
Received Import Request.
  Time since last request: 0.000124 seconds.
  path: Assets/AssetStoreOriginals/_SNAPS_PrototypingAssets/ModernOffice_Interior/Prefabs/SNAPS_NoHD/Neo_Pillar_01_S_4m_snaps001.prefab
  artifactKey: Guid(3fe8bc8047e9fd7409031b22ecc28172) Importer(815301076,1909f56bfc062723c751e8b465ee728b)
Start importing Assets/AssetStoreOriginals/_SNAPS_PrototypingAssets/ModernOffice_Interior/Prefabs/SNAPS_NoHD/Neo_Pillar_01_S_4m_snaps001.prefab using Guid(3fe8bc8047e9fd7409031b22ecc28172) Importer(815301076,1909f56bfc062723c751e8b465ee728b)  -> (artifact id: '8d39873d2c9496a4218a570ad0a576c6') in 0.010274 seconds 
  Import took 0.012739 seconds .

========================================================================
Received Import Request.
  Time since last request: 0.000120 seconds.
  path: Assets/AssetStoreOriginals/_SNAPS_PrototypingAssets/ModernOffice_Interior/Prefabs/SNAPS_NoHD/Neo_WallDoorFrame_01_4m_snaps001.prefab
  artifactKey: Guid(78872c40a8151204e84292b05cf458d2) Importer(815301076,1909f56bfc062723c751e8b465ee728b)
Start importing Assets/AssetStoreOriginals/_SNAPS_PrototypingAssets/ModernOffice_Interior/Prefabs/SNAPS_NoHD/Neo_WallDoorFrame_01_4m_snaps001.prefab using Guid(78872c40a8151204e84292b05cf458d2) Importer(815301076,1909f56bfc062723c751e8b465ee728b)  -> (artifact id: '9b3acb18e49316159bade0ebf2113ee4') in 0.010683 seconds 
  Import took 0.013077 seconds .

========================================================================
Received Import Request.
  Time since last request: 0.000146 seconds.
  path: Assets/AssetStoreOriginals/_SNAPS_PrototypingAssets/ModernOffice_Interior/Prefabs/SNAPS_NoHD/Neo_WallWindowFrame_02_4m_snaps001.prefab
  artifactKey: Guid(5b41703580b9f54448d1e4fdbbf7efef) Importer(815301076,1909f56bfc062723c751e8b465ee728b)
Start importing Assets/AssetStoreOriginals/_SNAPS_PrototypingAssets/ModernOffice_Interior/Prefabs/SNAPS_NoHD/Neo_WallWindowFrame_02_4m_snaps001.prefab using Guid(5b41703580b9f54448d1e4fdbbf7efef) Importer(815301076,1909f56bfc062723c751e8b465ee728b)  -> (artifact id: 'f5c0b8714360ad596f6eb1905e01ccea') in 0.010430 seconds 
  Import took 0.012965 seconds .

========================================================================
Received Import Request.
  Time since last request: 0.000158 seconds.
  path: Assets/AssetStoreOriginals/_SNAPS_PrototypingAssets/ModernOffice_Interior/Prefabs/SNAPS_NoHD/Neo_WallWindowFrame_01_4m_snaps001.prefab
  artifactKey: Guid(0b7c811c7ab4ad744a5a8dec4eb06d32) Importer(815301076,1909f56bfc062723c751e8b465ee728b)
Start importing Assets/AssetStoreOriginals/_SNAPS_PrototypingAssets/ModernOffice_Interior/Prefabs/SNAPS_NoHD/Neo_WallWindowFrame_01_4m_snaps001.prefab using Guid(0b7c811c7ab4ad744a5a8dec4eb06d32) Importer(815301076,1909f56bfc062723c751e8b465ee728b)  -> (artifact id: '36990a8f069d58b305c24a5f02853b19') in 0.010828 seconds 
  Import took 0.013230 seconds .

========================================================================
Received Import Request.
  Time since last request: 0.000113 seconds.
  path: Assets/AssetStoreOriginals/_SNAPS_PrototypingAssets/ModernOffice_Interior/Prefabs/SNAPS_NoHD/Neo_Pillar_01_L_4m_snaps001.prefab
  artifactKey: Guid(60c2015a6316cec40bf8959981f04bee) Importer(815301076,1909f56bfc062723c751e8b465ee728b)
Start importing Assets/AssetStoreOriginals/_SNAPS_PrototypingAssets/ModernOffice_Interior/Prefabs/SNAPS_NoHD/Neo_Pillar_01_L_4m_snaps001.prefab using Guid(60c2015a6316cec40bf8959981f04bee) Importer(815301076,1909f56bfc062723c751e8b465ee728b)  -> (artifact id: 'a9faa1de39e18c81dad88efc19d499ea') in 0.021330 seconds 
  Import took 0.023843 seconds .

========================================================================
Received Import Request.
  Time since last request: 0.000128 seconds.
  path: Assets/AssetStoreOriginals/_SNAPS_PrototypingAssets/ModernOffice_Interior/Prefabs/SNAPS_NoHD/Neo_WallDoor_01_4m_snaps001.prefab
  artifactKey: Guid(cfdbdef0dbf22c44a837e3c9209db83a) Importer(815301076,1909f56bfc062723c751e8b465ee728b)
Start importing Assets/AssetStoreOriginals/_SNAPS_PrototypingAssets/ModernOffice_Interior/Prefabs/SNAPS_NoHD/Neo_WallDoor_01_4m_snaps001.prefab using Guid(cfdbdef0dbf22c44a837e3c9209db83a) Importer(815301076,1909f56bfc062723c751e8b465ee728b)  -> (artifact id: 'b83d9378d625af64917b6625e2cbee50') in 0.010498 seconds 
  Import took 0.012920 seconds .

========================================================================
Received Import Request.
  Time since last request: 0.000128 seconds.
  path: Assets/AssetStoreOriginals/_SNAPS_PrototypingAssets/ModernOffice_Interior/Prefabs/SNAPS_NoHD/Neo_Wall_Corner_4m_snaps001.prefab
  artifactKey: Guid(5a02e34e0575a924d810efcd291923c7) Importer(815301076,1909f56bfc062723c751e8b465ee728b)
Start importing Assets/AssetStoreOriginals/_SNAPS_PrototypingAssets/ModernOffice_Interior/Prefabs/SNAPS_NoHD/Neo_Wall_Corner_4m_snaps001.prefab using Guid(5a02e34e0575a924d810efcd291923c7) Importer(815301076,1909f56bfc062723c751e8b465ee728b)  -> (artifact id: 'b6ce21e810a8a0a65c04aee7bd67af26') in 0.010119 seconds 
  Import took 0.012534 seconds .

========================================================================
Received Import Request.
  Time since last request: 0.000128 seconds.
  path: Assets/AssetStoreOriginals/_SNAPS_PrototypingAssets/ModernOffice_Interior/Prefabs/SNAPS_NoHD/StairCase_01_4m_snaps001.prefab
  artifactKey: Guid(5f52a5120f1de6d4b8a490f2646760f8) Importer(815301076,1909f56bfc062723c751e8b465ee728b)
Start importing Assets/AssetStoreOriginals/_SNAPS_PrototypingAssets/ModernOffice_Interior/Prefabs/SNAPS_NoHD/StairCase_01_4m_snaps001.prefab using Guid(5f52a5120f1de6d4b8a490f2646760f8) Importer(815301076,1909f56bfc062723c751e8b465ee728b)  -> (artifact id: '0791da7de201923b79f56847d0d63f0b') in 0.010701 seconds 
  Import took 0.013166 seconds .

========================================================================
Received Import Request.
  Time since last request: 0.000161 seconds.
  path: Assets/AssetStoreOriginals/_SNAPS_PrototypingAssets/ModernOffice_Interior/Prefabs/SNAPS_NoHD/Neo_Ceiling_01_snaps001.prefab
  artifactKey: Guid(bd24722836be19f498fbdddf91572e01) Importer(815301076,1909f56bfc062723c751e8b465ee728b)
Start importing Assets/AssetStoreOriginals/_SNAPS_PrototypingAssets/ModernOffice_Interior/Prefabs/SNAPS_NoHD/Neo_Ceiling_01_snaps001.prefab using Guid(bd24722836be19f498fbdddf91572e01) Importer(815301076,1909f56bfc062723c751e8b465ee728b)  -> (artifact id: '233e58edf5497031737d0f3ab16a8529') in 0.009790 seconds 
  Import took 0.012270 seconds .

========================================================================
Received Import Request.
  Time since last request: 0.000161 seconds.
  path: Assets/AssetStoreOriginals/_SNAPS_PrototypingAssets/ModernOffice_Interior/Prefabs/SNAPS_NoHD/Neo_Wall_Joint_4m_snaps001.prefab
  artifactKey: Guid(e1b1bc960ce75964bbcbef5953f67ad5) Importer(815301076,1909f56bfc062723c751e8b465ee728b)
Start importing Assets/AssetStoreOriginals/_SNAPS_PrototypingAssets/ModernOffice_Interior/Prefabs/SNAPS_NoHD/Neo_Wall_Joint_4m_snaps001.prefab using Guid(e1b1bc960ce75964bbcbef5953f67ad5) Importer(815301076,1909f56bfc062723c751e8b465ee728b)  -> (artifact id: '47e90b077b4b7a56635c6d3e69f7f376') in 0.011050 seconds 
  Import took 0.013485 seconds .

