Using pre-set license
Built from '2021.2/staging' branch; Version is '2021.2.7f1 (6bd9e232123f) revision 7068130'; Using compiler version '192829333'; Build Type 'Release'
OS: 'Windows 10  (10.0.19042) 64bit Professional' Language: 'en' Physical Memory: 32685 MB
BatchMode: 1, IsHumanControllingUs: 0, StartBugReporterOnCrash: 0, Is64bit: 1, IsPro: 0

COMMAND LINE ARGUMENTS:
C:\Program Files\Unity\Hub\Editor\2021.2.7f1\Editor\Unity.exe
-adb2
-batchMode
-noUpm
-name
AssetImportWorker4
-projectPath
C:/Users/Ashley/Desktop/NYU/Week12
-logFile
Logs/AssetImportWorker4.log
-srvPort
59018
Successfully changed project path to: C:/Users/Ashley/Desktop/NYU/Week12
C:/Users/Ashley/Desktop/NYU/Week12
[UnityMemory] Configuration Parameters - Can be set up in boot.config
    "memorysetup-bucket-allocator-granularity=16"
    "memorysetup-bucket-allocator-bucket-count=8"
    "memorysetup-bucket-allocator-block-size=33554432"
    "memorysetup-bucket-allocator-block-count=8"
    "memorysetup-main-allocator-block-size=16777216"
    "memorysetup-thread-allocator-block-size=16777216"
    "memorysetup-gfx-main-allocator-block-size=16777216"
    "memorysetup-gfx-thread-allocator-block-size=16777216"
    "memorysetup-cache-allocator-block-size=4194304"
    "memorysetup-typetree-allocator-block-size=2097152"
    "memorysetup-profiler-bucket-allocator-granularity=16"
    "memorysetup-profiler-bucket-allocator-bucket-count=8"
    "memorysetup-profiler-bucket-allocator-block-size=33554432"
    "memorysetup-profiler-bucket-allocator-block-count=8"
    "memorysetup-profiler-allocator-block-size=16777216"
    "memorysetup-profiler-editor-allocator-block-size=1048576"
    "memorysetup-temp-allocator-size-main=16777216"
    "memorysetup-job-temp-allocator-block-size=2097152"
    "memorysetup-job-temp-allocator-block-size-background=1048576"
    "memorysetup-job-temp-allocator-reduction-small-platforms=262144"
    "memorysetup-temp-allocator-size-background-worker=32768"
    "memorysetup-temp-allocator-size-job-worker=262144"
    "memorysetup-temp-allocator-size-preload-manager=33554432"
    "memorysetup-temp-allocator-size-nav-mesh-worker=65536"
    "memorysetup-temp-allocator-size-audio-worker=65536"
    "memorysetup-temp-allocator-size-cloud-worker=32768"
    "memorysetup-temp-allocator-size-gi-baking-worker=262144"
    "memorysetup-temp-allocator-size-gfx=262144"
Refreshing native plugins compatible for Editor in 54.53 ms, found 10 plugins.
Preloading 1 native plugins for Editor in 0.74 ms.
Initialize engine version: 2021.2.7f1 (6bd9e232123f)
[Subsystems] Discovering subsystems at path C:/Program Files/Unity/Hub/Editor/2021.2.7f1/Editor/Data/Resources/UnitySubsystems
[Subsystems] Discovering subsystems at path C:/Users/Ashley/Desktop/NYU/Week12/Assets
GfxDevice: creating device client; threaded=0; jobified=0
Direct3D:
    Version:  Direct3D 11.0 [level 11.1]
    Renderer: NVIDIA GeForce GTX 1660 SUPER (ID=0x21c4)
    Vendor:   NVIDIA
    VRAM:     5991 MB
    Driver:   30.0.14.9729
Initialize mono
Mono path[0] = 'C:/Program Files/Unity/Hub/Editor/2021.2.7f1/Editor/Data/Managed'
Mono path[1] = 'C:/Program Files/Unity/Hub/Editor/2021.2.7f1/Editor/Data/MonoBleedingEdge/lib/mono/unityjit-win32'
Mono config path = 'C:/Program Files/Unity/Hub/Editor/2021.2.7f1/Editor/Data/MonoBleedingEdge/etc'
Using monoOptions --debugger-agent=transport=dt_socket,embedding=1,server=y,suspend=n,address=127.0.0.1:56312
Begin MonoManager ReloadAssembly
Registering precompiled unity dll's ...
Register platform support module: C:/Program Files/Unity/Hub/Editor/2021.2.7f1/Editor/Data/PlaybackEngines/WindowsStandaloneSupport/UnityEditor.WindowsStandalone.Extensions.dll
Registered in 0.006691 seconds.
Native extension for WindowsStandalone target not found
Refreshing native plugins compatible for Editor in 44.60 ms, found 10 plugins.
Preloading 1 native plugins for Editor in 0.07 ms.
Mono: successfully reloaded assembly
- Completed reload, in  0.553 seconds
Domain Reload Profiling:
	ReloadAssembly (553ms)
		BeginReloadAssembly (68ms)
			ExecutionOrderSort (0ms)
			DisableScriptedObjects (0ms)
			BackupInstance (0ms)
			ReleaseScriptingObjects (0ms)
			CreateAndSetChildDomain (1ms)
		EndReloadAssembly (409ms)
			LoadAssemblies (66ms)
			RebuildTransferFunctionScriptingTraits (0ms)
			SetupTypeCache (95ms)
			ReleaseScriptCaches (0ms)
			RebuildScriptCaches (26ms)
			SetupLoadedEditorAssemblies (237ms)
				LogAssemblyErrors (0ms)
				InitializePlatformSupportModulesInManaged (14ms)
				SetLoadedEditorAssemblies (0ms)
				RefreshPlugins (45ms)
				BeforeProcessingInitializeOnLoad (1ms)
				ProcessInitializeOnLoadAttributes (135ms)
				ProcessInitializeOnLoadMethodAttributes (42ms)
				AfterProcessingInitializeOnLoad (0ms)
				EditorAssembliesLoaded (0ms)
			ExecutionOrderSort2 (0ms)
			AwakeInstancesAfterBackupRestoration (0ms)
Platform modules already initialized, skipping
Registering precompiled user dll's ...
Registered in 0.007146 seconds.
Begin MonoManager ReloadAssembly
Native extension for WindowsStandalone target not found
Refreshing native plugins compatible for Editor in 44.35 ms, found 10 plugins.
Preloading 1 native plugins for Editor in 0.07 ms.
Package Manager log level set to [2]
System.Reflection.TargetInvocationException: Exception has been thrown by the target of an invocation. ---> System.NullReferenceException: Object reference not set to an instance of an object
  at Unity.XR.Oculus.OculusLoader.AssetPathToAbsolutePath (System.String assetPath) [0x0003d] in C:\Users\Ashley\Desktop\NYU\Week12\Library\PackageCache\com.unity.xr.oculus@3.0.0-pre.1\Runtime\OculusLoader.cs:255 
  at Unity.XR.Oculus.OculusLoader.EditorLoadOVRPlugin () [0x0007b] in C:\Users\Ashley\Desktop\NYU\Week12\Library\PackageCache\com.unity.xr.oculus@3.0.0-pre.1\Runtime\OculusLoader.cs:240 
  at (wrapper managed-to-native) System.Reflection.RuntimeMethodInfo.InternalInvoke(System.Reflection.RuntimeMethodInfo,object,object[],System.Exception&)
  at System.Reflection.RuntimeMethodInfo.Invoke (System.Object obj, System.Reflection.BindingFlags invokeAttr, System.Reflection.Binder binder, System.Object[] parameters, System.Globalization.CultureInfo culture) [0x0006a] in <31c0f51ac5a24a22ba784db24f4ba023>:0 
   --- End of inner exception stack trace ---
  at System.Reflection.RuntimeMethodInfo.Invoke (System.Object obj, System.Reflection.BindingFlags invokeAttr, System.Reflection.Binder binder, System.Object[] parameters, System.Globalization.CultureInfo culture) [0x00083] in <31c0f51ac5a24a22ba784db24f4ba023>:0 
  at System.Reflection.MethodBase.Invoke (System.Object obj, System.Object[] parameters) [0x00000] in <31c0f51ac5a24a22ba784db24f4ba023>:0 
  at UnityEditor.EditorAssemblies.ProcessInitializeOnLoadMethodAttributes () [0x000a5] in <0cde216a590a4d6fbc3d7db7ac203c5d>:0 
UnityEngine.StackTraceUtility:ExtractStackTrace ()
UnityEngine.DebugLogHandler:LogFormat (UnityEngine.LogType,UnityEngine.Object,string,object[])
UnityEngine.Logger:Log (UnityEngine.LogType,object)
UnityEngine.Debug:LogError (object)
UnityEditor.EditorAssemblies:ProcessInitializeOnLoadMethodAttributes ()

Mono: successfully reloaded assembly
- Completed reload, in  1.074 seconds
Domain Reload Profiling:
	ReloadAssembly (1075ms)
		BeginReloadAssembly (99ms)
			ExecutionOrderSort (0ms)
			DisableScriptedObjects (5ms)
			BackupInstance (0ms)
			ReleaseScriptingObjects (0ms)
			CreateAndSetChildDomain (16ms)
		EndReloadAssembly (885ms)
			LoadAssemblies (68ms)
			RebuildTransferFunctionScriptingTraits (0ms)
			SetupTypeCache (180ms)
			ReleaseScriptCaches (0ms)
			RebuildScriptCaches (48ms)
			SetupLoadedEditorAssemblies (546ms)
				LogAssemblyErrors (0ms)
				InitializePlatformSupportModulesInManaged (10ms)
				SetLoadedEditorAssemblies (0ms)
				RefreshPlugins (44ms)
				BeforeProcessingInitializeOnLoad (73ms)
				ProcessInitializeOnLoadAttributes (380ms)
				ProcessInitializeOnLoadMethodAttributes (31ms)
				AfterProcessingInitializeOnLoad (8ms)
				EditorAssembliesLoaded (0ms)
			ExecutionOrderSort2 (0ms)
			AwakeInstancesAfterBackupRestoration (4ms)
Platform modules already initialized, skipping
========================================================================
Worker process is ready to serve import requests
Launched and connected shader compiler UnityShaderCompiler.exe after 0.05 seconds
Refreshing native plugins compatible for Editor in 0.62 ms, found 10 plugins.
Preloading 1 native plugins for Editor in 0.07 ms.
Unloading 2786 Unused Serialized files (Serialized files now loaded: 0)
Unloading 137 unused Assets / (123.9 KB). Loaded Objects now: 3229.
Memory consumption went from 117.3 MB to 117.2 MB.
Total: 2.912600 ms (FindLiveObjects: 0.202100 ms CreateObjectMapping: 0.153000 ms MarkObjects: 2.387400 ms  DeleteObjects: 0.169300 ms)

AssetImportParameters requested are different than current active one (requested -> active):
  custom:video-decoder-ogg-theora: a1e56fd34408186e4bbccfd4996cb3dc -> 
  custom:container-muxer-webm: aa71ff27fc2769a1b78a27578f13a17b -> 
  custom:container-demuxer-webm: 4f35f7cbe854078d1ac9338744f61a02 -> 
  custom:video-encoder-webm-vp8: eb34c28f22e8b96e1ab97ce403110664 -> 
  custom:audio-encoder-webm-vorbis: bf7c407c2cedff20999df2af8eb42d56 -> 
  custom:framework-win-MediaFoundation: 216162199b28c13a410421893ffa2e32 -> 
  custom:container-demuxer-ogg: 62fdf1f143b41e24485cea50d1cbac27 -> 
  custom:video-decoder-webm-vp8: 9c59270c3fd7afecdb556c50c9e8de78 -> 
  custom:audio-decoder-ogg-vorbis: bf7c407c2cedff20999df2af8eb42d56 -> 
========================================================================
Received Import Request.
  Time since last request: 154422.355242 seconds.
  path: Assets/AssetStoreOriginals/_SNAPS_PrototypingAssets/SciFi_Industrial/Prefabs/Structure/Doors_Windows
  artifactKey: Guid(d0743d75cf9cbf846ab5a5112c627a0c) Importer(815301076,1909f56bfc062723c751e8b465ee728b)
Start importing Assets/AssetStoreOriginals/_SNAPS_PrototypingAssets/SciFi_Industrial/Prefabs/Structure/Doors_Windows using Guid(d0743d75cf9cbf846ab5a5112c627a0c) Importer(815301076,1909f56bfc062723c751e8b465ee728b)  -> (artifact id: '5335865d5381b34c2749d7ee40b83633') in 0.010177 seconds 
========================================================================
Received Import Request.
  Time since last request: 0.057962 seconds.
  path: Assets/AssetStoreOriginals/_SNAPS_PrototypingAssets/SciFi_Industrial/Prefabs/Structure/Doors_Windows/Deck_Door_01_snaps002.prefab
  artifactKey: Guid(d84d9aca57d04ea4d96509c40be8b8b4) Importer(815301076,1909f56bfc062723c751e8b465ee728b)
Start importing Assets/AssetStoreOriginals/_SNAPS_PrototypingAssets/SciFi_Industrial/Prefabs/Structure/Doors_Windows/Deck_Door_01_snaps002.prefab using Guid(d84d9aca57d04ea4d96509c40be8b8b4) Importer(815301076,1909f56bfc062723c751e8b465ee728b)  -> (artifact id: 'e9cfd13ad9835933e1e023b73022de15') in 0.097917 seconds 
========================================================================
Received Import Request.
  Time since last request: 8.365266 seconds.
  path: Assets/AssetStoreOriginals/_SNAPS_PrototypingAssets/SciFi_Industrial/Prefabs/Structure/Stairs_Ramps
  artifactKey: Guid(d0de40c30e4a1f3499b2e1686620542a) Importer(815301076,1909f56bfc062723c751e8b465ee728b)
Start importing Assets/AssetStoreOriginals/_SNAPS_PrototypingAssets/SciFi_Industrial/Prefabs/Structure/Stairs_Ramps using Guid(d0de40c30e4a1f3499b2e1686620542a) Importer(815301076,1909f56bfc062723c751e8b465ee728b)  -> (artifact id: 'cf7d571ef2776c1df68eac102b517ead') in 0.004708 seconds 
========================================================================
Received Import Request.
  Time since last request: 0.060757 seconds.
  path: Assets/AssetStoreOriginals/_SNAPS_PrototypingAssets/SciFi_Industrial/Prefabs/Structure/Stairs_Ramps/Deck_Stairs_01_snaps002.prefab
  artifactKey: Guid(b1e03a3f59caaff4980bf875be312d2b) Importer(815301076,1909f56bfc062723c751e8b465ee728b)
Start importing Assets/AssetStoreOriginals/_SNAPS_PrototypingAssets/SciFi_Industrial/Prefabs/Structure/Stairs_Ramps/Deck_Stairs_01_snaps002.prefab using Guid(b1e03a3f59caaff4980bf875be312d2b) Importer(815301076,1909f56bfc062723c751e8b465ee728b)  -> (artifact id: '8f63cfa121e2765360b5d3a4a11fdd2e') in 0.012770 seconds 
========================================================================
Received Import Request.
  Time since last request: 0.000016 seconds.
  path: Assets/AssetStoreOriginals/_SNAPS_PrototypingAssets/SciFi_Industrial/Prefabs/Structure/Stairs_Ramps/Quart_Ramp_01_snaps002.prefab
  artifactKey: Guid(0a36459ac2084f44ca5814f0ff3867d0) Importer(815301076,1909f56bfc062723c751e8b465ee728b)
Start importing Assets/AssetStoreOriginals/_SNAPS_PrototypingAssets/SciFi_Industrial/Prefabs/Structure/Stairs_Ramps/Quart_Ramp_01_snaps002.prefab using Guid(0a36459ac2084f44ca5814f0ff3867d0) Importer(815301076,1909f56bfc062723c751e8b465ee728b)  -> (artifact id: '665ef939945280afd81d26c2907ceb86') in 0.021346 seconds 
========================================================================
Received Import Request.
  Time since last request: 0.000014 seconds.
  path: Assets/AssetStoreOriginals/_SNAPS_PrototypingAssets/SciFi_Industrial/Prefabs/Structure/Stairs_Ramps/Gen_Stairs_01_snaps002.prefab
  artifactKey: Guid(136b5079bc781b24da62c3a018d572d2) Importer(815301076,1909f56bfc062723c751e8b465ee728b)
Start importing Assets/AssetStoreOriginals/_SNAPS_PrototypingAssets/SciFi_Industrial/Prefabs/Structure/Stairs_Ramps/Gen_Stairs_01_snaps002.prefab using Guid(136b5079bc781b24da62c3a018d572d2) Importer(815301076,1909f56bfc062723c751e8b465ee728b)  -> (artifact id: '72d7e65bb000ebadf717e0abcafbd3f6') in 0.027615 seconds 
========================================================================
Received Import Request.
  Time since last request: 53.212866 seconds.
  path: Assets/AssetStoreOriginals/_SNAPS_PrototypingAssets/SciFi_Industrial/Prefabs/Structure/Floors_Ceilings
  artifactKey: Guid(91daaf22674e9ed48b0e397502fcb0ce) Importer(815301076,1909f56bfc062723c751e8b465ee728b)
Start importing Assets/AssetStoreOriginals/_SNAPS_PrototypingAssets/SciFi_Industrial/Prefabs/Structure/Floors_Ceilings using Guid(91daaf22674e9ed48b0e397502fcb0ce) Importer(815301076,1909f56bfc062723c751e8b465ee728b)  -> (artifact id: '6007871cd617b31c6c6c63cd6b1afc21') in 0.005003 seconds 
========================================================================
Received Import Request.
  Time since last request: 0.059818 seconds.
  path: Assets/AssetStoreOriginals/_SNAPS_PrototypingAssets/SciFi_Industrial/Prefabs/Structure/Floors_Ceilings/Deck_Ceiling_01_snaps002.prefab
  artifactKey: Guid(dad5ac76e863a834aa3d74b266e53f15) Importer(815301076,1909f56bfc062723c751e8b465ee728b)
Start importing Assets/AssetStoreOriginals/_SNAPS_PrototypingAssets/SciFi_Industrial/Prefabs/Structure/Floors_Ceilings/Deck_Ceiling_01_snaps002.prefab using Guid(dad5ac76e863a834aa3d74b266e53f15) Importer(815301076,1909f56bfc062723c751e8b465ee728b)  -> (artifact id: 'd8a16e98772d5c81e03ed9e118a01053') in 0.025588 seconds 
========================================================================
Received Import Request.
  Time since last request: 0.000015 seconds.
  path: Assets/AssetStoreOriginals/_SNAPS_PrototypingAssets/SciFi_Industrial/Prefabs/Structure/Floors_Ceilings/Gen_Ceiling_02_snaps002.prefab
  artifactKey: Guid(5ec31ae96fe47a645a19a2facf06e472) Importer(815301076,1909f56bfc062723c751e8b465ee728b)
Start importing Assets/AssetStoreOriginals/_SNAPS_PrototypingAssets/SciFi_Industrial/Prefabs/Structure/Floors_Ceilings/Gen_Ceiling_02_snaps002.prefab using Guid(5ec31ae96fe47a645a19a2facf06e472) Importer(815301076,1909f56bfc062723c751e8b465ee728b)  -> (artifact id: 'c5476888eba38a14d9847799398f3136') in 0.019888 seconds 
========================================================================
Received Import Request.
  Time since last request: 0.000014 seconds.
  path: Assets/AssetStoreOriginals/_SNAPS_PrototypingAssets/SciFi_Industrial/Prefabs/Structure/Floors_Ceilings/Quart_Ceiling_01_snaps002.prefab
  artifactKey: Guid(33e0e05dd604df144b8444bce5f133e1) Importer(815301076,1909f56bfc062723c751e8b465ee728b)
Start importing Assets/AssetStoreOriginals/_SNAPS_PrototypingAssets/SciFi_Industrial/Prefabs/Structure/Floors_Ceilings/Quart_Ceiling_01_snaps002.prefab using Guid(33e0e05dd604df144b8444bce5f133e1) Importer(815301076,1909f56bfc062723c751e8b465ee728b)  -> (artifact id: '398a74807836a93fad24a4885145271c') in 0.015309 seconds 
========================================================================
Received Import Request.
  Time since last request: 0.000016 seconds.
  path: Assets/AssetStoreOriginals/_SNAPS_PrototypingAssets/SciFi_Industrial/Prefabs/Structure/Floors_Ceilings/Quart_Ceiling_03_snaps002.prefab
  artifactKey: Guid(f6dc5f41ba87d3f40afdd5b7e878e2f6) Importer(815301076,1909f56bfc062723c751e8b465ee728b)
Start importing Assets/AssetStoreOriginals/_SNAPS_PrototypingAssets/SciFi_Industrial/Prefabs/Structure/Floors_Ceilings/Quart_Ceiling_03_snaps002.prefab using Guid(f6dc5f41ba87d3f40afdd5b7e878e2f6) Importer(815301076,1909f56bfc062723c751e8b465ee728b)  -> (artifact id: 'f025f30346343651e176a0d7a5f8b48e') in 0.019708 seconds 
========================================================================
Received Import Request.
  Time since last request: 1041.767276 seconds.
  path: Assets/AssetStoreOriginals/_SNAPS_PrototypingAssets/SciFi_Industrial
  artifactKey: Guid(d206abfdd01eab744bc3ba138e3bd0a2) Importer(815301076,1909f56bfc062723c751e8b465ee728b)
Start importing Assets/AssetStoreOriginals/_SNAPS_PrototypingAssets/SciFi_Industrial using Guid(d206abfdd01eab744bc3ba138e3bd0a2) Importer(815301076,1909f56bfc062723c751e8b465ee728b)  -> (artifact id: '14cd940be3e584901609c3712282b7c0') in 0.005023 seconds 
========================================================================
Received Import Request.
  Time since last request: 0.230865 seconds.
  path: Assets/AssetStoreOriginals/_SNAPS_PrototypingAssets/SciFi_Industrial/SampleScenes
  artifactKey: Guid(797433cb8dee34743b37e98430827088) Importer(815301076,1909f56bfc062723c751e8b465ee728b)
Start importing Assets/AssetStoreOriginals/_SNAPS_PrototypingAssets/SciFi_Industrial/SampleScenes using Guid(797433cb8dee34743b37e98430827088) Importer(815301076,1909f56bfc062723c751e8b465ee728b)  -> (artifact id: '50721cced460dcd6450124ffea97b335') in 0.006127 seconds 
========================================================================
Received Import Request.
  Time since last request: 6.154769 seconds.
  path: Assets/AssetStoreOriginals/_SNAPS_PrototypingAssets/ModernOffice_Interior
  artifactKey: Guid(297b5e148799d744c923d359390b9f38) Importer(815301076,1909f56bfc062723c751e8b465ee728b)
Start importing Assets/AssetStoreOriginals/_SNAPS_PrototypingAssets/ModernOffice_Interior using Guid(297b5e148799d744c923d359390b9f38) Importer(815301076,1909f56bfc062723c751e8b465ee728b)  -> (artifact id: 'aa6b316e278ce216cd4dbbbe3cc1413f') in 0.004717 seconds 
========================================================================
Received Import Request.
  Time since last request: 1.129417 seconds.
  path: Assets/AssetStoreOriginals/_SNAPS_PrototypingAssets/ModernOffice_Interior/Prefabs
  artifactKey: Guid(b6ea2805136f52a469bef95a0c629b6c) Importer(815301076,1909f56bfc062723c751e8b465ee728b)
Start importing Assets/AssetStoreOriginals/_SNAPS_PrototypingAssets/ModernOffice_Interior/Prefabs using Guid(b6ea2805136f52a469bef95a0c629b6c) Importer(815301076,1909f56bfc062723c751e8b465ee728b)  -> (artifact id: '9846d132870aaa13af101c9a9d2d83cf') in 0.004484 seconds 
========================================================================
Received Import Request.
  Time since last request: 3.224892 seconds.
  path: Assets/AssetStoreOriginals/_SNAPS_PrototypingAssets/ModernOffice_Interior/Prefabs/Props
  artifactKey: Guid(74b1535eac1f0c245bde3a0e43662cbd) Importer(815301076,1909f56bfc062723c751e8b465ee728b)
Start importing Assets/AssetStoreOriginals/_SNAPS_PrototypingAssets/ModernOffice_Interior/Prefabs/Props using Guid(74b1535eac1f0c245bde3a0e43662cbd) Importer(815301076,1909f56bfc062723c751e8b465ee728b)  -> (artifact id: 'bb2ea4be9915f460041aca6c2f81b3dd') in 0.004488 seconds 
========================================================================
Received Import Request.
  Time since last request: 0.065646 seconds.
  path: Assets/AssetStoreOriginals/_SNAPS_PrototypingAssets/ModernOffice_Interior/Prefabs/Props/CoffeeMug_01_snaps001.prefab
  artifactKey: Guid(8c8b047a2c0cdf442a97847b15e17227) Importer(815301076,1909f56bfc062723c751e8b465ee728b)
Start importing Assets/AssetStoreOriginals/_SNAPS_PrototypingAssets/ModernOffice_Interior/Prefabs/Props/CoffeeMug_01_snaps001.prefab using Guid(8c8b047a2c0cdf442a97847b15e17227) Importer(815301076,1909f56bfc062723c751e8b465ee728b)  -> (artifact id: '279af93664806f5ef85183d23b1dbb05') in 0.024868 seconds 
========================================================================
Received Import Request.
  Time since last request: 0.000015 seconds.
  path: Assets/AssetStoreOriginals/_SNAPS_PrototypingAssets/ModernOffice_Interior/Prefabs/Props/Desklamp_01_snaps001.prefab
  artifactKey: Guid(af66cb781f2abe44abe97b567b10153a) Importer(815301076,1909f56bfc062723c751e8b465ee728b)
Start importing Assets/AssetStoreOriginals/_SNAPS_PrototypingAssets/ModernOffice_Interior/Prefabs/Props/Desklamp_01_snaps001.prefab using Guid(af66cb781f2abe44abe97b567b10153a) Importer(815301076,1909f56bfc062723c751e8b465ee728b)  -> (artifact id: '13d2443dc9851c8017eb71eca3cc6b4d') in 0.016470 seconds 
========================================================================
Received Import Request.
  Time since last request: 0.000016 seconds.
  path: Assets/AssetStoreOriginals/_SNAPS_PrototypingAssets/ModernOffice_Interior/Prefabs/Props/Monitor_02_snaps001.prefab
  artifactKey: Guid(75d11b34eb0b1f845ae47ec3b97a5e13) Importer(815301076,1909f56bfc062723c751e8b465ee728b)
Start importing Assets/AssetStoreOriginals/_SNAPS_PrototypingAssets/ModernOffice_Interior/Prefabs/Props/Monitor_02_snaps001.prefab using Guid(75d11b34eb0b1f845ae47ec3b97a5e13) Importer(815301076,1909f56bfc062723c751e8b465ee728b)  -> (artifact id: 'aef35f9ecfd10fd0f7281e3b274d565b') in 0.019621 seconds 
========================================================================
Received Import Request.
  Time since last request: 0.000013 seconds.
  path: Assets/AssetStoreOriginals/_SNAPS_PrototypingAssets/ModernOffice_Interior/Prefabs/Props/PotPlant_02_snaps001.prefab
  artifactKey: Guid(09bbc701d5952e2479584092953ee7a4) Importer(815301076,1909f56bfc062723c751e8b465ee728b)
Start importing Assets/AssetStoreOriginals/_SNAPS_PrototypingAssets/ModernOffice_Interior/Prefabs/Props/PotPlant_02_snaps001.prefab using Guid(09bbc701d5952e2479584092953ee7a4) Importer(815301076,1909f56bfc062723c751e8b465ee728b)  -> (artifact id: '1d165bb0a2149f59a96637002e8e5090') in 0.020213 seconds 
========================================================================
Received Import Request.
  Time since last request: 0.000015 seconds.
  path: Assets/AssetStoreOriginals/_SNAPS_PrototypingAssets/ModernOffice_Interior/Prefabs/Props/Shelf_02_snaps001.prefab
  artifactKey: Guid(cdc15feda7052534a82cd0a14afc130f) Importer(815301076,1909f56bfc062723c751e8b465ee728b)
Start importing Assets/AssetStoreOriginals/_SNAPS_PrototypingAssets/ModernOffice_Interior/Prefabs/Props/Shelf_02_snaps001.prefab using Guid(cdc15feda7052534a82cd0a14afc130f) Importer(815301076,1909f56bfc062723c751e8b465ee728b)  -> (artifact id: '9e778bada089707437690e8c5041abd3') in 0.039527 seconds 
========================================================================
Received Import Request.
  Time since last request: 0.000021 seconds.
  path: Assets/AssetStoreOriginals/_SNAPS_PrototypingAssets/ModernOffice_Interior/Prefabs/Props/OfficeChair_01_snaps001.prefab
  artifactKey: Guid(247e5b33a1b1dba43a82e14ad7191756) Importer(815301076,1909f56bfc062723c751e8b465ee728b)
Start importing Assets/AssetStoreOriginals/_SNAPS_PrototypingAssets/ModernOffice_Interior/Prefabs/Props/OfficeChair_01_snaps001.prefab using Guid(247e5b33a1b1dba43a82e14ad7191756) Importer(815301076,1909f56bfc062723c751e8b465ee728b)  -> (artifact id: '5b120bcf5cc9004cda289760547f6438') in 0.017828 seconds 
========================================================================
Received Import Request.
  Time since last request: 0.000018 seconds.
  path: Assets/AssetStoreOriginals/_SNAPS_PrototypingAssets/ModernOffice_Interior/Prefabs/Props/Monitor_01_snaps001.prefab
  artifactKey: Guid(a5a328fd0bdbc82418c900ec0e290bd4) Importer(815301076,1909f56bfc062723c751e8b465ee728b)
Start importing Assets/AssetStoreOriginals/_SNAPS_PrototypingAssets/ModernOffice_Interior/Prefabs/Props/Monitor_01_snaps001.prefab using Guid(a5a328fd0bdbc82418c900ec0e290bd4) Importer(815301076,1909f56bfc062723c751e8b465ee728b)  -> (artifact id: 'f5e876293ad817e780363eac1dec2fb7') in 0.017684 seconds 
========================================================================
Received Import Request.
  Time since last request: 0.000016 seconds.
  path: Assets/AssetStoreOriginals/_SNAPS_PrototypingAssets/ModernOffice_Interior/Prefabs/Props/PenHolder_01_snaps001.prefab
  artifactKey: Guid(0547e5926fd68ea4993c6af3be8769e0) Importer(815301076,1909f56bfc062723c751e8b465ee728b)
Start importing Assets/AssetStoreOriginals/_SNAPS_PrototypingAssets/ModernOffice_Interior/Prefabs/Props/PenHolder_01_snaps001.prefab using Guid(0547e5926fd68ea4993c6af3be8769e0) Importer(815301076,1909f56bfc062723c751e8b465ee728b)  -> (artifact id: 'aef4f71753fe192bf6148e7e3f397bd8') in 0.016271 seconds 
========================================================================
Received Import Request.
  Time since last request: 0.000019 seconds.
  path: Assets/AssetStoreOriginals/_SNAPS_PrototypingAssets/ModernOffice_Interior/Prefabs/Props/PaperTray_01_snaps001.prefab
  artifactKey: Guid(e8d3a72b8c8548f469a0a533f1fbe295) Importer(815301076,1909f56bfc062723c751e8b465ee728b)
Start importing Assets/AssetStoreOriginals/_SNAPS_PrototypingAssets/ModernOffice_Interior/Prefabs/Props/PaperTray_01_snaps001.prefab using Guid(e8d3a72b8c8548f469a0a533f1fbe295) Importer(815301076,1909f56bfc062723c751e8b465ee728b)  -> (artifact id: 'f61d8670284236571e362e8fcd843b14') in 0.017688 seconds 
========================================================================
Received Import Request.
  Time since last request: 0.000024 seconds.
  path: Assets/AssetStoreOriginals/_SNAPS_PrototypingAssets/ModernOffice_Interior/Prefabs/Props/Printer01_snaps001.prefab
  artifactKey: Guid(91449bd0e8b9dce41803f9c79a993462) Importer(815301076,1909f56bfc062723c751e8b465ee728b)
Start importing Assets/AssetStoreOriginals/_SNAPS_PrototypingAssets/ModernOffice_Interior/Prefabs/Props/Printer01_snaps001.prefab using Guid(91449bd0e8b9dce41803f9c79a993462) Importer(815301076,1909f56bfc062723c751e8b465ee728b)  -> (artifact id: '8eda39283faabe15a3cb6597990e07f5') in 0.016213 seconds 
Editor requested this worker to shutdown with reason: Scaling down because of idle timeout
AssetImportWorker is now disconnected from the server
Process exiting
Exiting without the bug reporter. Application will terminate with return code 0